<?xml version="1.0" encoding="utf-8"?>
<CoverageSession>
  <Summary numSequencePoints="716" visitedSequencePoints="599" numBranchPoints="314" visitedBranchPoints="262" sequenceCoverage="83.65" branchCoverage="83.43" maxCyclomaticComplexity="430" minCyclomaticComplexity="430" visitedClasses="18" numClasses="22" visitedMethods="101" numMethods="155" />
  <Modules>
    <Module hash="295C3A6C-A23B-40E0-83A1-ACABA52B2242">
      <ModulePath>GalaScript.dll</ModulePath>
      <ModuleTime>2019-12-22T05:09:28</ModuleTime>
      <ModuleName>GalaScript</ModuleName>
      <Files>
        <File uid="1" fullPath="C:\Users\Chino\source\repos\GalaScript\src\GalaScript\ExpressionParser.cs" />
        <File uid="2" fullPath="C:\Users\Chino\source\repos\GalaScript\src\GalaScript\ScriptEngine.cs" />
        <File uid="3" fullPath="C:\Users\Chino\source\repos\GalaScript\src\GalaScript\Internal\ArithmeticOperations.cs" />
        <File uid="4" fullPath="C:\Users\Chino\source\repos\GalaScript\src\GalaScript\Internal\EngineOperations.cs" />
        <File uid="5" fullPath="C:\Users\Chino\source\repos\GalaScript\src\GalaScript\Extensions\ScriptExtensions.cs" />
        <File uid="6" fullPath="C:\Users\Chino\source\repos\GalaScript\src\GalaScript\Exceptions\MethodNotFoundException.cs" />
        <File uid="7" fullPath="C:\Users\Chino\source\repos\GalaScript\src\GalaScript\Evaluators\AbstractEvaluator.cs" />
        <File uid="8" fullPath="C:\Users\Chino\source\repos\GalaScript\src\GalaScript\Evaluators\AliasEvaluator.cs" />
        <File uid="9" fullPath="C:\Users\Chino\source\repos\GalaScript\src\GalaScript\Evaluators\ConstantEvaluator.cs" />
        <File uid="10" fullPath="C:\Users\Chino\source\repos\GalaScript\src\GalaScript\Evaluators\DecimalConstantEvaluator.cs" />
        <File uid="11" fullPath="C:\Users\Chino\source\repos\GalaScript\src\GalaScript\Evaluators\FunctionEvaluator.cs" />
        <File uid="12" fullPath="C:\Users\Chino\source\repos\GalaScript\src\GalaScript\Evaluators\LabelEvaluator.cs" />
        <File uid="13" fullPath="C:\Users\Chino\source\repos\GalaScript\src\GalaScript\Evaluators\MacroEvaluator.cs" />
        <File uid="14" fullPath="C:\Users\Chino\source\repos\GalaScript\src\GalaScript\Evaluators\NamedParameterEvaluator.cs" />
        <File uid="15" fullPath="C:\Users\Chino\source\repos\GalaScript\src\GalaScript\Evaluators\ScriptEvaluator.cs" />
        <File uid="16" fullPath="C:\Users\Chino\source\repos\GalaScript\src\GalaScript\Evaluators\StringConstantEvaluator.cs" />
        <File uid="17" fullPath="C:\Users\Chino\source\repos\GalaScript\src\GalaScript\Evaluators\TextEvaluator.cs" />
        <File uid="18" fullPath="C:\Users\Chino\source\repos\GalaScript\src\GalaScript\Attributes\AliasAttribute.cs" />
      </Files>
      <Classes>
        <Class>
          <Summary numSequencePoints="118" visitedSequencePoints="118" numBranchPoints="104" visitedBranchPoints="104" sequenceCoverage="100" branchCoverage="100" maxCyclomaticComplexity="78" minCyclomaticComplexity="1" visitedClasses="1" numClasses="1" visitedMethods="15" numMethods="15" />
          <FullName>GalaScript.ExpressionParser</FullName>
          <Methods>
            <Method cyclomaticComplexity="1" nPathComplexity="0" sequenceCoverage="100" branchCoverage="100" isConstructor="False" isGetter="False" isSetter="False" isStatic="True">
              <Summary numSequencePoints="3" visitedSequencePoints="3" numBranchPoints="0" visitedBranchPoints="0" sequenceCoverage="100" branchCoverage="100" maxCyclomaticComplexity="1" minCyclomaticComplexity="1" visitedClasses="0" numClasses="0" visitedMethods="1" numMethods="1" />
              <MetadataToken />
              <Name>System.Void GalaScript.ExpressionParser::RegisterEvaluator(Sprache.Parser`1&lt;GalaScript.Interfaces.IEvaluator&gt;)</Name>
              <FileRef uid="1" />
              <SequencePoints>
                <SequencePoint vc="2" uspid="159" ordinal="0" sl="159" sc="1" el="159" ec="2" bec="0" bev="0" fileid="1" />
                <SequencePoint vc="2" uspid="160" ordinal="1" sl="160" sc="1" el="160" ec="2" bec="0" bev="0" fileid="1" />
                <SequencePoint vc="2" uspid="161" ordinal="2" sl="161" sc="1" el="161" ec="2" bec="0" bev="0" fileid="1" />
              </SequencePoints>
              <BranchPoints />
              <MethodPoint vc="3" uspid="0" p8:type="SequencePoint" ordinal="0" offset="0" sc="0" sl="159" ec="1" el="161" bec="0" bev="0" fileid="1" xmlns:p8="xsi" />
            </Method>
            <Method cyclomaticComplexity="18" nPathComplexity="0" sequenceCoverage="100" branchCoverage="100" isConstructor="False" isGetter="False" isSetter="False" isStatic="True">
              <Summary numSequencePoints="11" visitedSequencePoints="11" numBranchPoints="18" visitedBranchPoints="18" sequenceCoverage="100" branchCoverage="100" maxCyclomaticComplexity="18" minCyclomaticComplexity="18" visitedClasses="0" numClasses="0" visitedMethods="1" numMethods="1" />
              <MetadataToken />
              <Name>System.Collections.Generic.IEnumerable`1&lt;GalaScript.Interfaces.IEvaluator&gt; GalaScript.ExpressionParser::Prepare(System.String)</Name>
              <FileRef uid="1" />
              <SequencePoints>
                <SequencePoint vc="90" uspid="164" ordinal="0" sl="164" sc="1" el="164" ec="2" bec="0" bev="0" fileid="1" />
                <SequencePoint vc="90" uspid="165" ordinal="1" sl="165" sc="1" el="165" ec="2" bec="0" bev="0" fileid="1" />
                <SequencePoint vc="90" uspid="166" ordinal="2" sl="166" sc="1" el="166" ec="2" bec="0" bev="0" fileid="1" />
                <SequencePoint vc="542" uspid="167" ordinal="3" sl="167" sc="1" el="167" ec="2" bec="0" bev="0" fileid="1" />
                <SequencePoint vc="542" uspid="168" ordinal="4" sl="168" sc="1" el="168" ec="2" bec="0" bev="0" fileid="1" />
                <SequencePoint vc="542" uspid="169" ordinal="5" sl="169" sc="1" el="169" ec="2" bec="0" bev="0" fileid="1" />
                <SequencePoint vc="542" uspid="170" ordinal="6" sl="170" sc="1" el="170" ec="2" bec="0" bev="0" fileid="1" />
                <SequencePoint vc="316" uspid="171" ordinal="7" sl="171" sc="1" el="171" ec="2" bec="0" bev="0" fileid="1" />
                <SequencePoint vc="302" uspid="172" ordinal="8" sl="172" sc="1" el="172" ec="2" bec="0" bev="0" fileid="1" />
                <SequencePoint vc="90" uspid="174" ordinal="9" sl="174" sc="1" el="174" ec="2" bec="0" bev="0" fileid="1" />
                <SequencePoint vc="76" uspid="175" ordinal="10" sl="175" sc="1" el="175" ec="2" bec="0" bev="0" fileid="1" />
              </SequencePoints>
              <BranchPoints>
                <BranchPoint vc="1" uspid="165" ordinal="0" path="0" offset="29" offsetend="31" sl="165" fileid="1" />
                <BranchPoint vc="90" uspid="165" ordinal="1" path="1" offset="29" offsetend="54" sl="165" fileid="1" />
                <BranchPoint vc="1" uspid="165" ordinal="2" path="0" offset="65" offsetend="67" sl="165" fileid="1" />
                <BranchPoint vc="90" uspid="165" ordinal="3" path="1" offset="65" offsetend="90" sl="165" fileid="1" />
                <BranchPoint vc="1" uspid="165" ordinal="4" path="0" offset="96" offsetend="98" sl="165" fileid="1" />
                <BranchPoint vc="90" uspid="165" ordinal="5" path="1" offset="96" offsetend="121" sl="165" fileid="1" />
                <BranchPoint vc="1" uspid="165" ordinal="6" path="0" offset="132" offsetend="134" sl="165" fileid="1" />
                <BranchPoint vc="90" uspid="165" ordinal="7" path="1" offset="132" offsetend="157" sl="165" fileid="1" />
                <BranchPoint vc="1" uspid="165" ordinal="8" path="0" offset="163" offsetend="165" sl="165" fileid="1" />
                <BranchPoint vc="90" uspid="165" ordinal="9" path="1" offset="163" offsetend="188" sl="165" fileid="1" />
                <BranchPoint vc="1" uspid="165" ordinal="10" path="0" offset="199" offsetend="201" sl="165" fileid="1" />
                <BranchPoint vc="90" uspid="165" ordinal="11" path="1" offset="199" offsetend="224" sl="165" fileid="1" />
                <BranchPoint vc="1" uspid="165" ordinal="12" path="0" offset="230" offsetend="232" sl="165" fileid="1" />
                <BranchPoint vc="90" uspid="165" ordinal="13" path="1" offset="230" offsetend="255" sl="165" fileid="1" />
                <BranchPoint vc="1" uspid="165" ordinal="14" path="0" offset="266" offsetend="268" sl="165" fileid="1" />
                <BranchPoint vc="90" uspid="165" ordinal="15" path="1" offset="266" offsetend="291" sl="165" fileid="1" />
                <BranchPoint vc="1" uspid="165" ordinal="16" path="0" offset="297" offsetend="299" sl="165" fileid="1" />
                <BranchPoint vc="90" uspid="165" ordinal="17" path="1" offset="297" offsetend="322" sl="165" fileid="1" />
              </BranchPoints>
              <MethodPoint vc="11" uspid="0" p8:type="SequencePoint" ordinal="1" offset="1" sc="0" sl="164" ec="1" el="175" bec="0" bev="0" fileid="1" xmlns:p8="xsi" />
            </Method>
            <Method cyclomaticComplexity="1" nPathComplexity="0" sequenceCoverage="100" branchCoverage="100" isConstructor="False" isGetter="False" isSetter="False" isStatic="True">
              <Summary numSequencePoints="4" visitedSequencePoints="4" numBranchPoints="0" visitedBranchPoints="0" sequenceCoverage="100" branchCoverage="100" maxCyclomaticComplexity="1" minCyclomaticComplexity="1" visitedClasses="0" numClasses="0" visitedMethods="1" numMethods="1" />
              <MetadataToken />
              <Name>GalaScript.Interfaces.IScriptEvaluator GalaScript.ExpressionParser::LoadString(System.String)</Name>
              <FileRef uid="1" />
              <SequencePoints>
                <SequencePoint vc="38" uspid="178" ordinal="0" sl="178" sc="1" el="178" ec="2" bec="0" bev="0" fileid="1" />
                <SequencePoint vc="38" uspid="179" ordinal="1" sl="179" sc="1" el="179" ec="2" bec="0" bev="0" fileid="1" />
                <SequencePoint vc="38" uspid="181" ordinal="2" sl="181" sc="1" el="181" ec="2" bec="0" bev="0" fileid="1" />
                <SequencePoint vc="38" uspid="182" ordinal="3" sl="182" sc="1" el="182" ec="2" bec="0" bev="0" fileid="1" />
              </SequencePoints>
              <BranchPoints />
              <MethodPoint vc="4" uspid="0" p8:type="SequencePoint" ordinal="2" offset="2" sc="0" sl="178" ec="1" el="182" bec="0" bev="0" fileid="1" xmlns:p8="xsi" />
            </Method>
            <Method cyclomaticComplexity="2" nPathComplexity="0" sequenceCoverage="100" branchCoverage="100" isConstructor="False" isGetter="False" isSetter="False" isStatic="True">
              <Summary numSequencePoints="9" visitedSequencePoints="9" numBranchPoints="2" visitedBranchPoints="2" sequenceCoverage="100" branchCoverage="100" maxCyclomaticComplexity="2" minCyclomaticComplexity="2" visitedClasses="0" numClasses="0" visitedMethods="1" numMethods="1" />
              <MetadataToken />
              <Name>GalaScript.Interfaces.IScriptEvaluator GalaScript.ExpressionParser::LoadFile(System.String,System.Text.Encoding)</Name>
              <FileRef uid="1" />
              <SequencePoints>
                <SequencePoint vc="2" uspid="185" ordinal="0" sl="185" sc="1" el="185" ec="2" bec="0" bev="0" fileid="1" />
                <SequencePoint vc="2" uspid="186" ordinal="1" sl="186" sc="1" el="186" ec="2" bec="0" bev="0" fileid="1" />
                <SequencePoint vc="2" uspid="187" ordinal="2" sl="187" sc="1" el="187" ec="2" bec="0" bev="0" fileid="1" />
                <SequencePoint vc="2" uspid="188" ordinal="3" sl="188" sc="1" el="188" ec="2" bec="0" bev="0" fileid="1" />
                <SequencePoint vc="2" uspid="189" ordinal="4" sl="189" sc="1" el="189" ec="2" bec="0" bev="0" fileid="1" />
                <SequencePoint vc="2" uspid="191" ordinal="5" sl="191" sc="1" el="191" ec="2" bec="0" bev="0" fileid="1" />
                <SequencePoint vc="2" uspid="193" ordinal="6" sl="193" sc="1" el="193" ec="2" bec="0" bev="0" fileid="1" />
                <SequencePoint vc="2" uspid="195" ordinal="7" sl="195" sc="1" el="195" ec="2" bec="0" bev="0" fileid="1" />
                <SequencePoint vc="2" uspid="196" ordinal="8" sl="196" sc="1" el="196" ec="2" bec="0" bev="0" fileid="1" />
              </SequencePoints>
              <BranchPoints>
                <BranchPoint vc="2" uspid="186" ordinal="0" path="0" offset="7" offsetend="9" sl="186" fileid="1" />
                <BranchPoint vc="2" uspid="186" ordinal="1" path="1" offset="7" offsetend="18" sl="186" fileid="1" />
              </BranchPoints>
              <MethodPoint vc="9" uspid="0" p8:type="SequencePoint" ordinal="3" offset="3" sc="0" sl="185" ec="1" el="196" bec="0" bev="0" fileid="1" xmlns:p8="xsi" />
            </Method>
            <Method cyclomaticComplexity="1" nPathComplexity="0" sequenceCoverage="100" branchCoverage="100" isConstructor="True" isGetter="False" isSetter="False" isStatic="True">
              <Summary numSequencePoints="1" visitedSequencePoints="1" numBranchPoints="0" visitedBranchPoints="0" sequenceCoverage="100" branchCoverage="100" maxCyclomaticComplexity="1" minCyclomaticComplexity="1" visitedClasses="0" numClasses="0" visitedMethods="1" numMethods="1" />
              <MetadataToken />
              <Name>GalaScript.Evaluators.AliasEvaluator GalaScript.ExpressionParser::&lt;.ctor&gt;b__24_0(System.String)</Name>
              <FileRef uid="1" />
              <SequencePoints>
                <SequencePoint vc="34" uspid="102" ordinal="0" sl="102" sc="1" el="102" ec="2" bec="0" bev="0" fileid="1" />
              </SequencePoints>
              <BranchPoints />
              <MethodPoint vc="1" uspid="0" p8:type="SequencePoint" ordinal="4" offset="4" sc="0" sl="102" ec="1" el="102" bec="0" bev="0" fileid="1" xmlns:p8="xsi" />
            </Method>
            <Method cyclomaticComplexity="1" nPathComplexity="0" sequenceCoverage="100" branchCoverage="100" isConstructor="True" isGetter="False" isSetter="False" isStatic="True">
              <Summary numSequencePoints="1" visitedSequencePoints="1" numBranchPoints="0" visitedBranchPoints="0" sequenceCoverage="100" branchCoverage="100" maxCyclomaticComplexity="1" minCyclomaticComplexity="1" visitedClasses="0" numClasses="0" visitedMethods="1" numMethods="1" />
              <MetadataToken />
              <Name>GalaScript.Evaluators.AliasEvaluator GalaScript.ExpressionParser::&lt;.ctor&gt;b__24_1(System.String)</Name>
              <FileRef uid="1" />
              <SequencePoints>
                <SequencePoint vc="22" uspid="106" ordinal="0" sl="106" sc="1" el="106" ec="2" bec="0" bev="0" fileid="1" />
              </SequencePoints>
              <BranchPoints />
              <MethodPoint vc="1" uspid="0" p8:type="SequencePoint" ordinal="5" offset="5" sc="0" sl="106" ec="1" el="106" bec="0" bev="0" fileid="1" xmlns:p8="xsi" />
            </Method>
            <Method cyclomaticComplexity="1" nPathComplexity="0" sequenceCoverage="100" branchCoverage="100" isConstructor="True" isGetter="False" isSetter="False" isStatic="True">
              <Summary numSequencePoints="1" visitedSequencePoints="1" numBranchPoints="0" visitedBranchPoints="0" sequenceCoverage="100" branchCoverage="100" maxCyclomaticComplexity="1" minCyclomaticComplexity="1" visitedClasses="0" numClasses="0" visitedMethods="1" numMethods="1" />
              <MetadataToken />
              <Name>Sprache.Parser`1&lt;GalaScript.Interfaces.IEvaluator&gt; GalaScript.ExpressionParser::&lt;.ctor&gt;b__24_4(&lt;&gt;f__AnonymousType3`2&lt;System.String,System.Char&gt;)</Name>
              <FileRef uid="1" />
              <SequencePoints>
                <SequencePoint vc="5" uspid="111" ordinal="0" sl="111" sc="1" el="111" ec="2" bec="0" bev="0" fileid="1" />
              </SequencePoints>
              <BranchPoints />
              <MethodPoint vc="1" uspid="0" p8:type="SequencePoint" ordinal="6" offset="6" sc="0" sl="111" ec="1" el="111" bec="0" bev="0" fileid="1" xmlns:p8="xsi" />
            </Method>
            <Method cyclomaticComplexity="1" nPathComplexity="0" sequenceCoverage="100" branchCoverage="100" isConstructor="True" isGetter="False" isSetter="False" isStatic="True">
              <Summary numSequencePoints="1" visitedSequencePoints="1" numBranchPoints="0" visitedBranchPoints="0" sequenceCoverage="100" branchCoverage="100" maxCyclomaticComplexity="1" minCyclomaticComplexity="1" visitedClasses="0" numClasses="0" visitedMethods="1" numMethods="1" />
              <MetadataToken />
              <Name>Sprache.Parser`1&lt;Sprache.IOption`1&lt;System.Collections.Generic.IEnumerable`1&lt;GalaScript.Interfaces.IEvaluator&gt;&gt;&gt; GalaScript.ExpressionParser::&lt;.ctor&gt;b__24_12(&lt;&gt;f__AnonymousType6`2&lt;&lt;&gt;f__AnonymousType5`2&lt;&lt;&gt;f__AnonymousType4`2&lt;System.Char,Sprache.IOption`1&lt;System.String&gt;&gt;,System.String&gt;,Sprache.IOption`1&lt;System.String&gt;&gt;)</Name>
              <FileRef uid="1" />
              <SequencePoints>
                <SequencePoint vc="504" uspid="119" ordinal="0" sl="119" sc="1" el="119" ec="2" bec="0" bev="0" fileid="1" />
              </SequencePoints>
              <BranchPoints />
              <MethodPoint vc="1" uspid="0" p8:type="SequencePoint" ordinal="7" offset="7" sc="0" sl="119" ec="1" el="119" bec="0" bev="0" fileid="1" xmlns:p8="xsi" />
            </Method>
            <Method cyclomaticComplexity="4" nPathComplexity="0" sequenceCoverage="100" branchCoverage="100" isConstructor="True" isGetter="False" isSetter="False" isStatic="True">
              <Summary numSequencePoints="1" visitedSequencePoints="1" numBranchPoints="4" visitedBranchPoints="4" sequenceCoverage="100" branchCoverage="100" maxCyclomaticComplexity="4" minCyclomaticComplexity="4" visitedClasses="0" numClasses="0" visitedMethods="1" numMethods="1" />
              <MetadataToken />
              <Name>GalaScript.Evaluators.FunctionEvaluator GalaScript.ExpressionParser::&lt;.ctor&gt;b__24_17(&lt;&gt;f__AnonymousType8`2&lt;&lt;&gt;f__AnonymousType7`2&lt;&lt;&gt;f__AnonymousType6`2&lt;&lt;&gt;f__AnonymousType5`2&lt;&lt;&gt;f__AnonymousType4`2&lt;System.Char,Sprache.IOption`1&lt;System.String&gt;&gt;,System.String&gt;,Sprache.IOption`1&lt;System.String&gt;&gt;,Sprache.IOption`1&lt;System.Collections.Generic.IEnumerable`1&lt;GalaScript.Interfaces.IEvaluator&gt;&gt;&gt;,Sprache.IOption`1&lt;System.String&gt;&gt;,System.Char)</Name>
              <FileRef uid="1" />
              <SequencePoints>
                <SequencePoint vc="162" uspid="122" ordinal="0" sl="122" sc="1" el="122" ec="2" bec="0" bev="0" fileid="1" />
              </SequencePoints>
              <BranchPoints>
                <BranchPoint vc="24" uspid="122" ordinal="0" path="0" offset="44" offsetend="46" sl="122" fileid="1" />
                <BranchPoint vc="135" uspid="122" ordinal="1" path="1" offset="44" offsetend="50" sl="122" fileid="1" />
                <BranchPoint vc="24" uspid="122" ordinal="2" path="0" offset="56" offsetend="58" sl="122" fileid="1" />
                <BranchPoint vc="159" uspid="122" ordinal="3" path="1" offset="56" offsetend="64" sl="122" fileid="1" />
              </BranchPoints>
              <MethodPoint vc="1" uspid="0" p8:type="SequencePoint" ordinal="8" offset="8" sc="0" sl="122" ec="1" el="122" bec="0" bev="0" fileid="1" xmlns:p8="xsi" />
            </Method>
            <Method cyclomaticComplexity="1" nPathComplexity="0" sequenceCoverage="100" branchCoverage="100" isConstructor="True" isGetter="False" isSetter="False" isStatic="True">
              <Summary numSequencePoints="1" visitedSequencePoints="1" numBranchPoints="0" visitedBranchPoints="0" sequenceCoverage="100" branchCoverage="100" maxCyclomaticComplexity="1" minCyclomaticComplexity="1" visitedClasses="0" numClasses="0" visitedMethods="1" numMethods="1" />
              <MetadataToken />
              <Name>GalaScript.Evaluators.AliasEvaluator GalaScript.ExpressionParser::&lt;.ctor&gt;b__24_25(&lt;&gt;f__AnonymousType11`2&lt;&lt;&gt;f__AnonymousType10`2&lt;&lt;&gt;f__AnonymousType9`2&lt;GalaScript.Interfaces.IEvaluator,Sprache.IOption`1&lt;System.String&gt;&gt;,System.Char&gt;,Sprache.IOption`1&lt;System.String&gt;&gt;,System.String)</Name>
              <FileRef uid="1" />
              <SequencePoints>
                <SequencePoint vc="17" uspid="130" ordinal="0" sl="130" sc="1" el="130" ec="2" bec="0" bev="0" fileid="1" />
              </SequencePoints>
              <BranchPoints />
              <MethodPoint vc="1" uspid="0" p8:type="SequencePoint" ordinal="9" offset="9" sc="0" sl="130" ec="1" el="130" bec="0" bev="0" fileid="1" xmlns:p8="xsi" />
            </Method>
            <Method cyclomaticComplexity="1" nPathComplexity="0" sequenceCoverage="100" branchCoverage="100" isConstructor="True" isGetter="False" isSetter="False" isStatic="True">
              <Summary numSequencePoints="1" visitedSequencePoints="1" numBranchPoints="0" visitedBranchPoints="0" sequenceCoverage="100" branchCoverage="100" maxCyclomaticComplexity="1" minCyclomaticComplexity="1" visitedClasses="0" numClasses="0" visitedMethods="1" numMethods="1" />
              <MetadataToken />
              <Name>GalaScript.Evaluators.TextEvaluator GalaScript.ExpressionParser::&lt;.ctor&gt;b__24_29(&lt;&gt;f__AnonymousType1`2&lt;System.Char,Sprache.IOption`1&lt;System.String&gt;&gt;,Sprache.IOption`1&lt;System.String&gt;)</Name>
              <FileRef uid="1" />
              <SequencePoints>
                <SequencePoint vc="13" uspid="136" ordinal="0" sl="136" sc="1" el="136" ec="2" bec="0" bev="0" fileid="1" />
              </SequencePoints>
              <BranchPoints />
              <MethodPoint vc="1" uspid="0" p8:type="SequencePoint" ordinal="10" offset="10" sc="0" sl="136" ec="1" el="136" bec="0" bev="0" fileid="1" xmlns:p8="xsi" />
            </Method>
            <Method cyclomaticComplexity="2" nPathComplexity="0" sequenceCoverage="100" branchCoverage="100" isConstructor="True" isGetter="False" isSetter="False" isStatic="True">
              <Summary numSequencePoints="1" visitedSequencePoints="1" numBranchPoints="2" visitedBranchPoints="2" sequenceCoverage="100" branchCoverage="100" maxCyclomaticComplexity="2" minCyclomaticComplexity="2" visitedClasses="0" numClasses="0" visitedMethods="1" numMethods="1" />
              <MetadataToken />
              <Name>GalaScript.Evaluators.MacroEvaluator GalaScript.ExpressionParser::&lt;.ctor&gt;b__24_43(&lt;&gt;f__AnonymousType15`2&lt;&lt;&gt;f__AnonymousType14`2&lt;&lt;&gt;f__AnonymousType13`2&lt;&lt;&gt;f__AnonymousType6`2&lt;&lt;&gt;f__AnonymousType5`2&lt;&lt;&gt;f__AnonymousType12`2&lt;System.Char,Sprache.IOption`1&lt;System.String&gt;&gt;,System.String&gt;,Sprache.IOption`1&lt;System.String&gt;&gt;,Sprache.IOption`1&lt;System.Collections.Generic.IEnumerable`1&lt;System.String&gt;&gt;&gt;,System.String&gt;,System.String&gt;,System.Char)</Name>
              <FileRef uid="1" />
              <SequencePoints>
                <SequencePoint vc="8" uspid="147" ordinal="0" sl="147" sc="1" el="147" ec="2" bec="0" bev="0" fileid="1" />
              </SequencePoints>
              <BranchPoints>
                <BranchPoint vc="2" uspid="147" ordinal="0" path="0" offset="54" offsetend="56" sl="147" fileid="1" />
                <BranchPoint vc="3" uspid="147" ordinal="1" path="1" offset="54" offsetend="60" sl="147" fileid="1" />
              </BranchPoints>
              <MethodPoint vc="1" uspid="0" p8:type="SequencePoint" ordinal="11" offset="11" sc="0" sl="147" ec="1" el="147" bec="0" bev="0" fileid="1" xmlns:p8="xsi" />
            </Method>
            <Method cyclomaticComplexity="1" nPathComplexity="0" sequenceCoverage="100" branchCoverage="100" isConstructor="True" isGetter="False" isSetter="False" isStatic="True">
              <Summary numSequencePoints="1" visitedSequencePoints="1" numBranchPoints="0" visitedBranchPoints="0" sequenceCoverage="100" branchCoverage="100" maxCyclomaticComplexity="1" minCyclomaticComplexity="1" visitedClasses="0" numClasses="0" visitedMethods="1" numMethods="1" />
              <MetadataToken />
              <Name>GalaScript.Evaluators.ScriptEvaluator GalaScript.ExpressionParser::&lt;.ctor&gt;b__24_47(&lt;&gt;f__AnonymousType1`2&lt;System.Char,Sprache.IOption`1&lt;System.String&gt;&gt;,System.String)</Name>
              <FileRef uid="1" />
              <SequencePoints>
                <SequencePoint vc="4" uspid="153" ordinal="0" sl="153" sc="1" el="153" ec="2" bec="0" bev="0" fileid="1" />
              </SequencePoints>
              <BranchPoints />
              <MethodPoint vc="1" uspid="0" p8:type="SequencePoint" ordinal="12" offset="12" sc="0" sl="153" ec="1" el="153" bec="0" bev="0" fileid="1" xmlns:p8="xsi" />
            </Method>
            <Method cyclomaticComplexity="78" nPathComplexity="0" sequenceCoverage="100" branchCoverage="100" isConstructor="True" isGetter="False" isSetter="False" isStatic="True">
              <Summary numSequencePoints="43" visitedSequencePoints="43" numBranchPoints="78" visitedBranchPoints="78" sequenceCoverage="100" branchCoverage="100" maxCyclomaticComplexity="78" minCyclomaticComplexity="78" visitedClasses="0" numClasses="0" visitedMethods="1" numMethods="1" />
              <MetadataToken />
              <Name>System.Void GalaScript.ExpressionParser::.ctor(GalaScript.ScriptEngine)</Name>
              <FileRef uid="1" />
              <SequencePoints>
                <SequencePoint vc="3" uspid="96" ordinal="0" sl="96" sc="1" el="96" ec="2" bec="0" bev="0" fileid="1" />
                <SequencePoint vc="3" uspid="97" ordinal="1" sl="97" sc="1" el="97" ec="2" bec="0" bev="0" fileid="1" />
                <SequencePoint vc="3" uspid="98" ordinal="2" sl="98" sc="1" el="98" ec="2" bec="0" bev="0" fileid="1" />
                <SequencePoint vc="3" uspid="100" ordinal="3" sl="100" sc="1" el="100" ec="2" bec="0" bev="0" fileid="1" />
                <SequencePoint vc="3" uspid="101" ordinal="4" sl="101" sc="1" el="101" ec="2" bec="0" bev="0" fileid="1" />
                <SequencePoint vc="3" uspid="104" ordinal="5" sl="104" sc="1" el="104" ec="2" bec="0" bev="0" fileid="1" />
                <SequencePoint vc="3" uspid="105" ordinal="6" sl="105" sc="1" el="105" ec="2" bec="0" bev="0" fileid="1" />
                <SequencePoint vc="3" uspid="108" ordinal="7" sl="108" sc="1" el="108" ec="2" bec="0" bev="0" fileid="1" />
                <SequencePoint vc="3" uspid="109" ordinal="8" sl="109" sc="1" el="109" ec="2" bec="0" bev="0" fileid="1" />
                <SequencePoint vc="29" uspid="110" ordinal="9" sl="110" sc="1" el="110" ec="2" bec="0" bev="0" fileid="1" />
                <SequencePoint vc="5" uspid="112" ordinal="10" sl="112" sc="1" el="112" ec="2" bec="0" bev="0" fileid="1" />
                <SequencePoint vc="3" uspid="114" ordinal="11" sl="114" sc="1" el="114" ec="2" bec="0" bev="0" fileid="1" />
                <SequencePoint vc="3" uspid="115" ordinal="12" sl="115" sc="1" el="115" ec="2" bec="0" bev="0" fileid="1" />
                <SequencePoint vc="345" uspid="116" ordinal="13" sl="116" sc="1" el="116" ec="2" bec="0" bev="0" fileid="1" />
                <SequencePoint vc="341" uspid="117" ordinal="14" sl="117" sc="1" el="117" ec="2" bec="0" bev="0" fileid="1" />
                <SequencePoint vc="337" uspid="118" ordinal="15" sl="118" sc="1" el="118" ec="2" bec="0" bev="0" fileid="1" />
                <SequencePoint vc="337" uspid="120" ordinal="16" sl="120" sc="1" el="120" ec="2" bec="0" bev="0" fileid="1" />
                <SequencePoint vc="170" uspid="121" ordinal="17" sl="121" sc="1" el="121" ec="2" bec="0" bev="0" fileid="1" />
                <SequencePoint vc="3" uspid="124" ordinal="18" sl="124" sc="1" el="124" ec="2" bec="0" bev="0" fileid="1" />
                <SequencePoint vc="3" uspid="125" ordinal="19" sl="125" sc="1" el="125" ec="2" bec="0" bev="0" fileid="1" />
                <SequencePoint vc="179" uspid="126" ordinal="20" sl="126" sc="1" el="126" ec="2" bec="0" bev="0" fileid="1" />
                <SequencePoint vc="106" uspid="127" ordinal="21" sl="127" sc="1" el="127" ec="2" bec="0" bev="0" fileid="1" />
                <SequencePoint vc="33" uspid="128" ordinal="22" sl="128" sc="1" el="128" ec="2" bec="0" bev="0" fileid="1" />
                <SequencePoint vc="18" uspid="129" ordinal="23" sl="129" sc="1" el="129" ec="2" bec="0" bev="0" fileid="1" />
                <SequencePoint vc="3" uspid="132" ordinal="24" sl="132" sc="1" el="132" ec="2" bec="0" bev="0" fileid="1" />
                <SequencePoint vc="3" uspid="133" ordinal="25" sl="133" sc="1" el="133" ec="2" bec="0" bev="0" fileid="1" />
                <SequencePoint vc="23" uspid="134" ordinal="26" sl="134" sc="1" el="134" ec="2" bec="0" bev="0" fileid="1" />
                <SequencePoint vc="13" uspid="135" ordinal="27" sl="135" sc="1" el="135" ec="2" bec="0" bev="0" fileid="1" />
                <SequencePoint vc="3" uspid="138" ordinal="28" sl="138" sc="1" el="138" ec="2" bec="0" bev="0" fileid="1" />
                <SequencePoint vc="3" uspid="139" ordinal="29" sl="139" sc="1" el="139" ec="2" bec="0" bev="0" fileid="1" />
                <SequencePoint vc="13" uspid="140" ordinal="30" sl="140" sc="1" el="140" ec="2" bec="0" bev="0" fileid="1" />
                <SequencePoint vc="13" uspid="141" ordinal="31" sl="141" sc="1" el="141" ec="2" bec="0" bev="0" fileid="1" />
                <SequencePoint vc="13" uspid="142" ordinal="32" sl="142" sc="1" el="142" ec="2" bec="0" bev="0" fileid="1" />
                <SequencePoint vc="13" uspid="143" ordinal="33" sl="143" sc="1" el="143" ec="2" bec="0" bev="0" fileid="1" />
                <SequencePoint vc="13" uspid="144" ordinal="34" sl="144" sc="1" el="144" ec="2" bec="0" bev="0" fileid="1" />
                <SequencePoint vc="13" uspid="145" ordinal="35" sl="145" sc="1" el="145" ec="2" bec="0" bev="0" fileid="1" />
                <SequencePoint vc="8" uspid="146" ordinal="36" sl="146" sc="1" el="146" ec="2" bec="0" bev="0" fileid="1" />
                <SequencePoint vc="3" uspid="149" ordinal="37" sl="149" sc="1" el="149" ec="2" bec="0" bev="0" fileid="1" />
                <SequencePoint vc="3" uspid="150" ordinal="38" sl="150" sc="1" el="150" ec="2" bec="0" bev="0" fileid="1" />
                <SequencePoint vc="5" uspid="151" ordinal="39" sl="151" sc="1" el="151" ec="2" bec="0" bev="0" fileid="1" />
                <SequencePoint vc="4" uspid="152" ordinal="40" sl="152" sc="1" el="152" ec="2" bec="0" bev="0" fileid="1" />
                <SequencePoint vc="3" uspid="155" ordinal="41" sl="155" sc="1" el="155" ec="2" bec="0" bev="0" fileid="1" />
                <SequencePoint vc="3" uspid="156" ordinal="42" sl="156" sc="1" el="156" ec="2" bec="0" bev="0" fileid="1" />
              </SequencePoints>
              <BranchPoints>
                <BranchPoint vc="1" uspid="108" ordinal="0" path="0" offset="93" offsetend="95" sl="108" fileid="1" />
                <BranchPoint vc="3" uspid="108" ordinal="1" path="1" offset="93" offsetend="118" sl="108" fileid="1" />
                <BranchPoint vc="1" uspid="108" ordinal="2" path="0" offset="124" offsetend="126" sl="108" fileid="1" />
                <BranchPoint vc="3" uspid="108" ordinal="3" path="1" offset="124" offsetend="149" sl="108" fileid="1" />
                <BranchPoint vc="1" uspid="108" ordinal="4" path="0" offset="172" offsetend="174" sl="108" fileid="1" />
                <BranchPoint vc="3" uspid="108" ordinal="5" path="1" offset="172" offsetend="197" sl="108" fileid="1" />
                <BranchPoint vc="1" uspid="114" ordinal="6" path="0" offset="221" offsetend="223" sl="114" fileid="1" />
                <BranchPoint vc="3" uspid="114" ordinal="7" path="1" offset="221" offsetend="246" sl="114" fileid="1" />
                <BranchPoint vc="1" uspid="114" ordinal="8" path="0" offset="252" offsetend="254" sl="114" fileid="1" />
                <BranchPoint vc="3" uspid="114" ordinal="9" path="1" offset="252" offsetend="277" sl="114" fileid="1" />
                <BranchPoint vc="1" uspid="114" ordinal="10" path="0" offset="288" offsetend="290" sl="114" fileid="1" />
                <BranchPoint vc="3" uspid="114" ordinal="11" path="1" offset="288" offsetend="313" sl="114" fileid="1" />
                <BranchPoint vc="1" uspid="114" ordinal="12" path="0" offset="319" offsetend="321" sl="114" fileid="1" />
                <BranchPoint vc="3" uspid="114" ordinal="13" path="1" offset="319" offsetend="344" sl="114" fileid="1" />
                <BranchPoint vc="1" uspid="114" ordinal="14" path="0" offset="355" offsetend="357" sl="114" fileid="1" />
                <BranchPoint vc="3" uspid="114" ordinal="15" path="1" offset="355" offsetend="380" sl="114" fileid="1" />
                <BranchPoint vc="1" uspid="114" ordinal="16" path="0" offset="386" offsetend="388" sl="114" fileid="1" />
                <BranchPoint vc="3" uspid="114" ordinal="17" path="1" offset="386" offsetend="411" sl="114" fileid="1" />
                <BranchPoint vc="1" uspid="114" ordinal="18" path="0" offset="434" offsetend="436" sl="114" fileid="1" />
                <BranchPoint vc="3" uspid="114" ordinal="19" path="1" offset="434" offsetend="459" sl="114" fileid="1" />
                <BranchPoint vc="1" uspid="114" ordinal="20" path="0" offset="470" offsetend="472" sl="114" fileid="1" />
                <BranchPoint vc="3" uspid="114" ordinal="21" path="1" offset="470" offsetend="495" sl="114" fileid="1" />
                <BranchPoint vc="1" uspid="114" ordinal="22" path="0" offset="501" offsetend="503" sl="114" fileid="1" />
                <BranchPoint vc="3" uspid="114" ordinal="23" path="1" offset="501" offsetend="526" sl="114" fileid="1" />
                <BranchPoint vc="1" uspid="114" ordinal="24" path="0" offset="537" offsetend="539" sl="114" fileid="1" />
                <BranchPoint vc="3" uspid="114" ordinal="25" path="1" offset="537" offsetend="562" sl="114" fileid="1" />
                <BranchPoint vc="1" uspid="124" ordinal="26" path="0" offset="649" offsetend="651" sl="124" fileid="1" />
                <BranchPoint vc="3" uspid="124" ordinal="27" path="1" offset="649" offsetend="674" sl="124" fileid="1" />
                <BranchPoint vc="1" uspid="124" ordinal="28" path="0" offset="680" offsetend="682" sl="124" fileid="1" />
                <BranchPoint vc="3" uspid="124" ordinal="29" path="1" offset="680" offsetend="705" sl="124" fileid="1" />
                <BranchPoint vc="1" uspid="124" ordinal="30" path="0" offset="716" offsetend="718" sl="124" fileid="1" />
                <BranchPoint vc="3" uspid="124" ordinal="31" path="1" offset="716" offsetend="741" sl="124" fileid="1" />
                <BranchPoint vc="1" uspid="124" ordinal="32" path="0" offset="747" offsetend="749" sl="124" fileid="1" />
                <BranchPoint vc="3" uspid="124" ordinal="33" path="1" offset="747" offsetend="772" sl="124" fileid="1" />
                <BranchPoint vc="1" uspid="124" ordinal="34" path="0" offset="783" offsetend="785" sl="124" fileid="1" />
                <BranchPoint vc="3" uspid="124" ordinal="35" path="1" offset="783" offsetend="808" sl="124" fileid="1" />
                <BranchPoint vc="1" uspid="124" ordinal="36" path="0" offset="814" offsetend="816" sl="124" fileid="1" />
                <BranchPoint vc="3" uspid="124" ordinal="37" path="1" offset="814" offsetend="839" sl="124" fileid="1" />
                <BranchPoint vc="1" uspid="124" ordinal="38" path="0" offset="850" offsetend="852" sl="124" fileid="1" />
                <BranchPoint vc="3" uspid="124" ordinal="39" path="1" offset="850" offsetend="875" sl="124" fileid="1" />
                <BranchPoint vc="1" uspid="132" ordinal="40" path="0" offset="923" offsetend="925" sl="132" fileid="1" />
                <BranchPoint vc="3" uspid="132" ordinal="41" path="1" offset="923" offsetend="948" sl="132" fileid="1" />
                <BranchPoint vc="1" uspid="132" ordinal="42" path="0" offset="954" offsetend="956" sl="132" fileid="1" />
                <BranchPoint vc="3" uspid="132" ordinal="43" path="1" offset="954" offsetend="979" sl="132" fileid="1" />
                <BranchPoint vc="1" uspid="132" ordinal="44" path="0" offset="990" offsetend="992" sl="132" fileid="1" />
                <BranchPoint vc="3" uspid="132" ordinal="45" path="1" offset="990" offsetend="1015" sl="132" fileid="1" />
                <BranchPoint vc="1" uspid="138" ordinal="46" path="0" offset="1051" offsetend="1053" sl="138" fileid="1" />
                <BranchPoint vc="3" uspid="138" ordinal="47" path="1" offset="1051" offsetend="1076" sl="138" fileid="1" />
                <BranchPoint vc="1" uspid="138" ordinal="48" path="0" offset="1082" offsetend="1084" sl="138" fileid="1" />
                <BranchPoint vc="3" uspid="138" ordinal="49" path="1" offset="1082" offsetend="1107" sl="138" fileid="1" />
                <BranchPoint vc="1" uspid="138" ordinal="50" path="0" offset="1118" offsetend="1120" sl="138" fileid="1" />
                <BranchPoint vc="3" uspid="138" ordinal="51" path="1" offset="1118" offsetend="1143" sl="138" fileid="1" />
                <BranchPoint vc="1" uspid="138" ordinal="52" path="0" offset="1149" offsetend="1151" sl="138" fileid="1" />
                <BranchPoint vc="3" uspid="138" ordinal="53" path="1" offset="1149" offsetend="1174" sl="138" fileid="1" />
                <BranchPoint vc="1" uspid="138" ordinal="54" path="0" offset="1185" offsetend="1187" sl="138" fileid="1" />
                <BranchPoint vc="3" uspid="138" ordinal="55" path="1" offset="1185" offsetend="1210" sl="138" fileid="1" />
                <BranchPoint vc="1" uspid="138" ordinal="56" path="0" offset="1216" offsetend="1218" sl="138" fileid="1" />
                <BranchPoint vc="3" uspid="138" ordinal="57" path="1" offset="1216" offsetend="1241" sl="138" fileid="1" />
                <BranchPoint vc="1" uspid="138" ordinal="58" path="0" offset="1252" offsetend="1254" sl="138" fileid="1" />
                <BranchPoint vc="3" uspid="138" ordinal="59" path="1" offset="1252" offsetend="1277" sl="138" fileid="1" />
                <BranchPoint vc="1" uspid="138" ordinal="60" path="0" offset="1283" offsetend="1285" sl="138" fileid="1" />
                <BranchPoint vc="3" uspid="138" ordinal="61" path="1" offset="1283" offsetend="1308" sl="138" fileid="1" />
                <BranchPoint vc="1" uspid="138" ordinal="62" path="0" offset="1319" offsetend="1321" sl="138" fileid="1" />
                <BranchPoint vc="3" uspid="138" ordinal="63" path="1" offset="1319" offsetend="1344" sl="138" fileid="1" />
                <BranchPoint vc="1" uspid="138" ordinal="64" path="0" offset="1350" offsetend="1352" sl="138" fileid="1" />
                <BranchPoint vc="3" uspid="138" ordinal="65" path="1" offset="1350" offsetend="1375" sl="138" fileid="1" />
                <BranchPoint vc="1" uspid="138" ordinal="66" path="0" offset="1386" offsetend="1388" sl="138" fileid="1" />
                <BranchPoint vc="3" uspid="138" ordinal="67" path="1" offset="1386" offsetend="1411" sl="138" fileid="1" />
                <BranchPoint vc="1" uspid="138" ordinal="68" path="0" offset="1417" offsetend="1419" sl="138" fileid="1" />
                <BranchPoint vc="3" uspid="138" ordinal="69" path="1" offset="1417" offsetend="1442" sl="138" fileid="1" />
                <BranchPoint vc="1" uspid="138" ordinal="70" path="0" offset="1453" offsetend="1455" sl="138" fileid="1" />
                <BranchPoint vc="3" uspid="138" ordinal="71" path="1" offset="1453" offsetend="1478" sl="138" fileid="1" />
                <BranchPoint vc="1" uspid="149" ordinal="72" path="0" offset="1514" offsetend="1516" sl="149" fileid="1" />
                <BranchPoint vc="3" uspid="149" ordinal="73" path="1" offset="1514" offsetend="1539" sl="149" fileid="1" />
                <BranchPoint vc="1" uspid="149" ordinal="74" path="0" offset="1545" offsetend="1547" sl="149" fileid="1" />
                <BranchPoint vc="3" uspid="149" ordinal="75" path="1" offset="1545" offsetend="1570" sl="149" fileid="1" />
                <BranchPoint vc="1" uspid="149" ordinal="76" path="0" offset="1581" offsetend="1583" sl="149" fileid="1" />
                <BranchPoint vc="3" uspid="149" ordinal="77" path="1" offset="1581" offsetend="1606" sl="149" fileid="1" />
              </BranchPoints>
              <MethodPoint vc="43" uspid="0" p8:type="SequencePoint" ordinal="13" offset="13" sc="0" sl="96" ec="1" el="156" bec="0" bev="0" fileid="1" xmlns:p8="xsi" />
            </Method>
            <Method cyclomaticComplexity="1" nPathComplexity="0" sequenceCoverage="100" branchCoverage="100" isConstructor="True" isGetter="False" isSetter="False" isStatic="True">
              <Summary numSequencePoints="39" visitedSequencePoints="39" numBranchPoints="0" visitedBranchPoints="0" sequenceCoverage="100" branchCoverage="100" maxCyclomaticComplexity="1" minCyclomaticComplexity="1" visitedClasses="0" numClasses="0" visitedMethods="1" numMethods="1" />
              <MetadataToken />
              <Name>System.Void GalaScript.ExpressionParser::.cctor()</Name>
              <FileRef uid="1" />
              <SequencePoints>
                <SequencePoint vc="1" uspid="20" ordinal="0" sl="20" sc="1" el="20" ec="2" bec="0" bev="0" fileid="1" />
                <SequencePoint vc="1" uspid="21" ordinal="1" sl="21" sc="1" el="21" ec="2" bec="0" bev="0" fileid="1" />
                <SequencePoint vc="1" uspid="23" ordinal="2" sl="23" sc="1" el="23" ec="2" bec="0" bev="0" fileid="1" />
                <SequencePoint vc="1" uspid="24" ordinal="3" sl="24" sc="1" el="24" ec="2" bec="0" bev="0" fileid="1" />
                <SequencePoint vc="1" uspid="26" ordinal="4" sl="26" sc="1" el="26" ec="2" bec="0" bev="0" fileid="1" />
                <SequencePoint vc="1" uspid="27" ordinal="5" sl="27" sc="1" el="27" ec="2" bec="0" bev="0" fileid="1" />
                <SequencePoint vc="1" uspid="29" ordinal="6" sl="29" sc="1" el="29" ec="2" bec="0" bev="0" fileid="1" />
                <SequencePoint vc="1" uspid="31" ordinal="7" sl="31" sc="1" el="31" ec="2" bec="0" bev="0" fileid="1" />
                <SequencePoint vc="1" uspid="33" ordinal="8" sl="33" sc="1" el="33" ec="2" bec="0" bev="0" fileid="1" />
                <SequencePoint vc="1" uspid="34" ordinal="9" sl="34" sc="1" el="34" ec="2" bec="0" bev="0" fileid="1" />
                <SequencePoint vc="1" uspid="35" ordinal="10" sl="35" sc="1" el="35" ec="2" bec="0" bev="0" fileid="1" />
                <SequencePoint vc="1" uspid="36" ordinal="11" sl="36" sc="1" el="36" ec="2" bec="0" bev="0" fileid="1" />
                <SequencePoint vc="1" uspid="38" ordinal="12" sl="38" sc="1" el="38" ec="2" bec="0" bev="0" fileid="1" />
                <SequencePoint vc="1" uspid="39" ordinal="13" sl="39" sc="1" el="39" ec="2" bec="0" bev="0" fileid="1" />
                <SequencePoint vc="31" uspid="40" ordinal="14" sl="40" sc="1" el="40" ec="2" bec="0" bev="0" fileid="1" />
                <SequencePoint vc="16" uspid="41" ordinal="15" sl="41" sc="1" el="41" ec="2" bec="0" bev="0" fileid="1" />
                <SequencePoint vc="16" uspid="42" ordinal="16" sl="42" sc="1" el="42" ec="2" bec="0" bev="0" fileid="1" />
                <SequencePoint vc="1" uspid="44" ordinal="17" sl="44" sc="1" el="44" ec="2" bec="0" bev="0" fileid="1" />
                <SequencePoint vc="1" uspid="45" ordinal="18" sl="45" sc="1" el="45" ec="2" bec="0" bev="0" fileid="1" />
                <SequencePoint vc="17" uspid="46" ordinal="19" sl="46" sc="1" el="46" ec="2" bec="0" bev="0" fileid="1" />
                <SequencePoint vc="9" uspid="47" ordinal="20" sl="47" sc="1" el="47" ec="2" bec="0" bev="0" fileid="1" />
                <SequencePoint vc="9" uspid="48" ordinal="21" sl="48" sc="1" el="48" ec="2" bec="0" bev="0" fileid="1" />
                <SequencePoint vc="1" uspid="50" ordinal="22" sl="50" sc="1" el="50" ec="2" bec="0" bev="0" fileid="1" />
                <SequencePoint vc="1" uspid="51" ordinal="23" sl="51" sc="1" el="51" ec="2" bec="0" bev="0" fileid="1" />
                <SequencePoint vc="519" uspid="52" ordinal="24" sl="52" sc="1" el="52" ec="2" bec="0" bev="0" fileid="1" />
                <SequencePoint vc="174" uspid="53" ordinal="25" sl="53" sc="1" el="53" ec="2" bec="0" bev="0" fileid="1" />
                <SequencePoint vc="1" uspid="55" ordinal="26" sl="55" sc="1" el="55" ec="2" bec="0" bev="0" fileid="1" />
                <SequencePoint vc="1" uspid="56" ordinal="27" sl="56" sc="1" el="56" ec="2" bec="0" bev="0" fileid="1" />
                <SequencePoint vc="6" uspid="57" ordinal="28" sl="57" sc="1" el="57" ec="2" bec="0" bev="0" fileid="1" />
                <SequencePoint vc="1" uspid="59" ordinal="29" sl="59" sc="1" el="59" ec="2" bec="0" bev="0" fileid="1" />
                <SequencePoint vc="1" uspid="60" ordinal="30" sl="60" sc="1" el="60" ec="2" bec="0" bev="0" fileid="1" />
                <SequencePoint vc="75" uspid="61" ordinal="31" sl="61" sc="1" el="61" ec="2" bec="0" bev="0" fileid="1" />
                <SequencePoint vc="38" uspid="62" ordinal="32" sl="62" sc="1" el="62" ec="2" bec="0" bev="0" fileid="1" />
                <SequencePoint vc="33" uspid="63" ordinal="33" sl="63" sc="1" el="63" ec="2" bec="0" bev="0" fileid="1" />
                <SequencePoint vc="1" uspid="65" ordinal="34" sl="65" sc="1" el="65" ec="2" bec="0" bev="0" fileid="1" />
                <SequencePoint vc="1" uspid="66" ordinal="35" sl="66" sc="1" el="66" ec="2" bec="0" bev="0" fileid="1" />
                <SequencePoint vc="7" uspid="67" ordinal="36" sl="67" sc="1" el="67" ec="2" bec="0" bev="0" fileid="1" />
                <SequencePoint vc="4" uspid="68" ordinal="37" sl="68" sc="1" el="68" ec="2" bec="0" bev="0" fileid="1" />
                <SequencePoint vc="4" uspid="69" ordinal="38" sl="69" sc="1" el="69" ec="2" bec="0" bev="0" fileid="1" />
              </SequencePoints>
              <BranchPoints />
              <MethodPoint vc="39" uspid="0" p8:type="SequencePoint" ordinal="14" offset="14" sc="0" sl="20" ec="1" el="69" bec="0" bev="0" fileid="1" xmlns:p8="xsi" />
            </Method>
          </Methods>
        </Class>
        <Class>
          <Summary numSequencePoints="0" visitedSequencePoints="0" numBranchPoints="2" visitedBranchPoints="2" sequenceCoverage="100" branchCoverage="100" maxCyclomaticComplexity="2" minCyclomaticComplexity="2" visitedClasses="0" numClasses="1" visitedMethods="0" numMethods="0" />
          <FullName>GalaScript.ExpressionParser/&lt;&gt;c</FullName>
          <Methods />
        </Class>
        <Class>
          <Summary numSequencePoints="185" visitedSequencePoints="148" numBranchPoints="74" visitedBranchPoints="52" sequenceCoverage="80" branchCoverage="70.27" maxCyclomaticComplexity="36" minCyclomaticComplexity="1" visitedClasses="1" numClasses="1" visitedMethods="17" numMethods="23" />
          <FullName>GalaScript.ScriptEngine</FullName>
          <Methods>
            <Method cyclomaticComplexity="1" nPathComplexity="0" sequenceCoverage="100" branchCoverage="100" isConstructor="False" isGetter="True" isSetter="False" isStatic="True">
              <Summary numSequencePoints="1" visitedSequencePoints="1" numBranchPoints="0" visitedBranchPoints="0" sequenceCoverage="100" branchCoverage="100" maxCyclomaticComplexity="1" minCyclomaticComplexity="1" visitedClasses="0" numClasses="0" visitedMethods="1" numMethods="1" />
              <MetadataToken />
              <Name>System.Boolean GalaScript.ScriptEngine::get_IsCancellationRequested()</Name>
              <FileRef uid="2" />
              <SequencePoints>
                <SequencePoint vc="110" uspid="30" ordinal="0" sl="30" sc="1" el="30" ec="2" bec="0" bev="0" fileid="2" />
              </SequencePoints>
              <BranchPoints />
              <MethodPoint vc="1" uspid="0" p8:type="SequencePoint" ordinal="0" offset="0" sc="0" sl="30" ec="1" el="30" bec="0" bev="0" fileid="2" xmlns:p8="xsi" />
            </Method>
            <Method cyclomaticComplexity="1" nPathComplexity="0" sequenceCoverage="100" branchCoverage="100" isConstructor="False" isGetter="True" isSetter="False" isStatic="True">
              <Summary numSequencePoints="1" visitedSequencePoints="1" numBranchPoints="0" visitedBranchPoints="0" sequenceCoverage="100" branchCoverage="100" maxCyclomaticComplexity="1" minCyclomaticComplexity="1" visitedClasses="0" numClasses="0" visitedMethods="1" numMethods="1" />
              <MetadataToken />
              <Name>System.Boolean GalaScript.ScriptEngine::get_IsDebugAllowed()</Name>
              <FileRef uid="2" />
              <SequencePoints>
                <SequencePoint vc="83" uspid="32" ordinal="0" sl="32" sc="1" el="32" ec="2" bec="0" bev="0" fileid="2" />
              </SequencePoints>
              <BranchPoints />
              <MethodPoint vc="1" uspid="0" p8:type="SequencePoint" ordinal="1" offset="1" sc="0" sl="32" ec="1" el="32" bec="0" bev="0" fileid="2" xmlns:p8="xsi" />
            </Method>
            <Method cyclomaticComplexity="1" nPathComplexity="0" sequenceCoverage="100" branchCoverage="100" isConstructor="False" isGetter="True" isSetter="False" isStatic="True">
              <Summary numSequencePoints="1" visitedSequencePoints="1" numBranchPoints="0" visitedBranchPoints="0" sequenceCoverage="100" branchCoverage="100" maxCyclomaticComplexity="1" minCyclomaticComplexity="1" visitedClasses="0" numClasses="0" visitedMethods="1" numMethods="1" />
              <MetadataToken />
              <Name>System.Threading.CancellationTokenSource GalaScript.ScriptEngine::get_PauseTokenSource()</Name>
              <FileRef uid="2" />
              <SequencePoints>
                <SequencePoint vc="70" uspid="34" ordinal="0" sl="34" sc="1" el="34" ec="2" bec="0" bev="0" fileid="2" />
              </SequencePoints>
              <BranchPoints />
              <MethodPoint vc="1" uspid="0" p8:type="SequencePoint" ordinal="2" offset="2" sc="0" sl="34" ec="1" el="34" bec="0" bev="0" fileid="2" xmlns:p8="xsi" />
            </Method>
            <Method cyclomaticComplexity="1" nPathComplexity="0" sequenceCoverage="0" branchCoverage="100" isConstructor="False" isGetter="True" isSetter="False" isStatic="True">
              <Summary numSequencePoints="1" visitedSequencePoints="0" numBranchPoints="0" visitedBranchPoints="0" sequenceCoverage="0" branchCoverage="100" maxCyclomaticComplexity="1" minCyclomaticComplexity="1" visitedClasses="0" numClasses="0" visitedMethods="0" numMethods="1" />
              <MetadataToken />
              <Name>System.Boolean GalaScript.ScriptEngine::get_Paused()</Name>
              <FileRef uid="2" />
              <SequencePoints>
                <SequencePoint vc="0" uspid="38" ordinal="0" sl="38" sc="1" el="38" ec="2" bec="0" bev="0" fileid="2" />
              </SequencePoints>
              <BranchPoints />
              <MethodPoint vc="0" uspid="0" p8:type="SequencePoint" ordinal="3" offset="3" sc="0" sl="38" ec="1" el="38" bec="0" bev="0" fileid="2" xmlns:p8="xsi" />
            </Method>
            <Method cyclomaticComplexity="8" nPathComplexity="0" sequenceCoverage="38.46" branchCoverage="12.5" isConstructor="False" isGetter="False" isSetter="True" isStatic="True">
              <Summary numSequencePoints="13" visitedSequencePoints="5" numBranchPoints="8" visitedBranchPoints="1" sequenceCoverage="38.46" branchCoverage="12.5" maxCyclomaticComplexity="8" minCyclomaticComplexity="8" visitedClasses="0" numClasses="0" visitedMethods="1" numMethods="1" />
              <MetadataToken />
              <Name>System.Void GalaScript.ScriptEngine::set_Paused(System.Boolean)</Name>
              <FileRef uid="2" />
              <SequencePoints>
                <SequencePoint vc="70" uspid="40" ordinal="0" sl="40" sc="1" el="40" ec="2" bec="0" bev="0" fileid="2" />
                <SequencePoint vc="70" uspid="41" ordinal="1" sl="41" sc="1" el="41" ec="2" bec="0" bev="0" fileid="2" />
                <SequencePoint vc="70" uspid="42" ordinal="2" sl="42" sc="1" el="42" ec="2" bec="0" bev="0" fileid="2" />
                <SequencePoint vc="70" uspid="43" ordinal="3" sl="43" sc="1" el="43" ec="2" bec="0" bev="0" fileid="2" />
                <SequencePoint vc="0" uspid="46" ordinal="4" sl="46" sc="1" el="46" ec="2" bec="0" bev="0" fileid="2" />
                <SequencePoint vc="0" uspid="48" ordinal="5" sl="48" sc="1" el="48" ec="2" bec="0" bev="0" fileid="2" />
                <SequencePoint vc="0" uspid="49" ordinal="6" sl="49" sc="1" el="49" ec="2" bec="0" bev="0" fileid="2" />
                <SequencePoint vc="0" uspid="50" ordinal="7" sl="50" sc="1" el="50" ec="2" bec="0" bev="0" fileid="2" />
                <SequencePoint vc="0" uspid="51" ordinal="8" sl="51" sc="1" el="51" ec="2" bec="0" bev="0" fileid="2" />
                <SequencePoint vc="0" uspid="53" ordinal="9" sl="53" sc="1" el="53" ec="2" bec="0" bev="0" fileid="2" />
                <SequencePoint vc="0" uspid="54" ordinal="10" sl="54" sc="1" el="54" ec="2" bec="0" bev="0" fileid="2" />
                <SequencePoint vc="0" uspid="55" ordinal="11" sl="55" sc="1" el="55" ec="2" bec="0" bev="0" fileid="2" />
                <SequencePoint vc="70" uspid="56" ordinal="12" sl="56" sc="1" el="56" ec="2" bec="0" bev="0" fileid="2" />
              </SequencePoints>
              <BranchPoints>
                <BranchPoint vc="70" uspid="41" ordinal="0" path="0" offset="12" offsetend="14" sl="41" fileid="2" />
                <BranchPoint vc="0" uspid="41" ordinal="1" path="1" offset="12" offsetend="17" sl="41" fileid="2" />
                <BranchPoint vc="0" uspid="48" ordinal="2" path="0" offset="32" offsetend="34" sl="48" fileid="2" />
                <BranchPoint vc="0" uspid="50" ordinal="4" path="0" offset="42" offsetend="44" sl="50" fileid="2" />
                <BranchPoint vc="0" uspid="50" ordinal="5" path="1" offset="42" offsetend="47" sl="50" fileid="2" />
                <BranchPoint vc="0" uspid="48" ordinal="3" path="1" offset="32" offsetend="56" sl="48" fileid="2" />
                <BranchPoint vc="0" uspid="54" ordinal="6" path="0" offset="64" offsetend="66" sl="54" fileid="2" />
                <BranchPoint vc="0" uspid="54" ordinal="7" path="1" offset="64" offsetend="69" sl="54" fileid="2" />
              </BranchPoints>
              <MethodPoint vc="5" uspid="0" p8:type="SequencePoint" ordinal="4" offset="4" sc="0" sl="40" ec="1" el="56" bec="0" bev="0" fileid="2" xmlns:p8="xsi" />
            </Method>
            <Method cyclomaticComplexity="1" nPathComplexity="0" sequenceCoverage="100" branchCoverage="100" isConstructor="False" isGetter="True" isSetter="False" isStatic="True">
              <Summary numSequencePoints="1" visitedSequencePoints="1" numBranchPoints="0" visitedBranchPoints="0" sequenceCoverage="100" branchCoverage="100" maxCyclomaticComplexity="1" minCyclomaticComplexity="1" visitedClasses="0" numClasses="0" visitedMethods="1" numMethods="1" />
              <MetadataToken />
              <Name>GalaScript.Interfaces.IParser GalaScript.ScriptEngine::get_Parser()</Name>
              <FileRef uid="2" />
              <SequencePoints>
                <SequencePoint vc="90" uspid="67" ordinal="0" sl="67" sc="1" el="67" ec="2" bec="0" bev="0" fileid="2" />
              </SequencePoints>
              <BranchPoints />
              <MethodPoint vc="1" uspid="0" p8:type="SequencePoint" ordinal="5" offset="5" sc="0" sl="67" ec="1" el="67" bec="0" bev="0" fileid="2" xmlns:p8="xsi" />
            </Method>
            <Method cyclomaticComplexity="1" nPathComplexity="0" sequenceCoverage="100" branchCoverage="100" isConstructor="False" isGetter="True" isSetter="False" isStatic="True">
              <Summary numSequencePoints="1" visitedSequencePoints="1" numBranchPoints="0" visitedBranchPoints="0" sequenceCoverage="100" branchCoverage="100" maxCyclomaticComplexity="1" minCyclomaticComplexity="1" visitedClasses="0" numClasses="0" visitedMethods="1" numMethods="1" />
              <MetadataToken />
              <Name>GalaScript.Interfaces.IScriptEvaluator GalaScript.ScriptEngine::get_Current()</Name>
              <FileRef uid="2" />
              <SequencePoints>
                <SequencePoint vc="111" uspid="69" ordinal="0" sl="69" sc="1" el="69" ec="2" bec="0" bev="0" fileid="2" />
              </SequencePoints>
              <BranchPoints />
              <MethodPoint vc="1" uspid="0" p8:type="SequencePoint" ordinal="6" offset="6" sc="0" sl="69" ec="1" el="69" bec="0" bev="0" fileid="2" xmlns:p8="xsi" />
            </Method>
            <Method cyclomaticComplexity="6" nPathComplexity="0" sequenceCoverage="76.92" branchCoverage="83.33" isConstructor="False" isGetter="False" isSetter="False" isStatic="True">
              <Summary numSequencePoints="13" visitedSequencePoints="10" numBranchPoints="6" visitedBranchPoints="5" sequenceCoverage="76.92" branchCoverage="83.33" maxCyclomaticComplexity="6" minCyclomaticComplexity="6" visitedClasses="0" numClasses="0" visitedMethods="1" numMethods="1" />
              <MetadataToken />
              <Name>System.Void GalaScript.ScriptEngine::PrepareOperations()</Name>
              <FileRef uid="2" />
              <SequencePoints>
                <SequencePoint vc="3" uspid="72" ordinal="0" sl="72" sc="1" el="72" ec="2" bec="0" bev="0" fileid="2" />
                <SequencePoint vc="21" uspid="73" ordinal="1" sl="73" sc="1" el="73" ec="2" bec="0" bev="0" fileid="2" />
                <SequencePoint vc="6" uspid="74" ordinal="2" sl="74" sc="1" el="74" ec="2" bec="0" bev="0" fileid="2" />
                <SequencePoint vc="120" uspid="75" ordinal="3" sl="75" sc="1" el="75" ec="2" bec="0" bev="0" fileid="2" />
                <SequencePoint vc="51" uspid="76" ordinal="4" sl="76" sc="1" el="76" ec="2" bec="0" bev="0" fileid="2" />
                <SequencePoint vc="51" uspid="77" ordinal="5" sl="77" sc="1" el="77" ec="2" bec="0" bev="0" fileid="2" />
                <SequencePoint vc="153" uspid="79" ordinal="6" sl="79" sc="1" el="79" ec="2" bec="0" bev="0" fileid="2" />
                <SequencePoint vc="0" uspid="80" ordinal="7" sl="80" sc="1" el="80" ec="2" bec="0" bev="0" fileid="2" />
                <SequencePoint vc="0" uspid="81" ordinal="8" sl="81" sc="1" el="81" ec="2" bec="0" bev="0" fileid="2" />
                <SequencePoint vc="0" uspid="82" ordinal="9" sl="82" sc="1" el="82" ec="2" bec="0" bev="0" fileid="2" />
                <SequencePoint vc="51" uspid="83" ordinal="10" sl="83" sc="1" el="83" ec="2" bec="0" bev="0" fileid="2" />
                <SequencePoint vc="6" uspid="84" ordinal="11" sl="84" sc="1" el="84" ec="2" bec="0" bev="0" fileid="2" />
                <SequencePoint vc="3" uspid="85" ordinal="12" sl="85" sc="1" el="85" ec="2" bec="0" bev="0" fileid="2" />
              </SequencePoints>
              <BranchPoints>
                <BranchPoint vc="6" uspid="73" ordinal="5" path="1" offset="169" offsetend="25" sl="73" fileid="2" />
                <BranchPoint vc="51" uspid="75" ordinal="3" path="1" offset="158" offsetend="45" sl="75" fileid="2" />
                <BranchPoint vc="0" uspid="79" ordinal="1" path="1" offset="129" offsetend="90" sl="79" fileid="2" />
                <BranchPoint vc="51" uspid="79" ordinal="0" path="0" offset="129" offsetend="131" sl="79" fileid="2" />
                <BranchPoint vc="6" uspid="75" ordinal="2" path="0" offset="158" offsetend="160" sl="75" fileid="2" />
                <BranchPoint vc="3" uspid="73" ordinal="4" path="0" offset="169" offsetend="174" sl="73" fileid="2" />
              </BranchPoints>
              <MethodPoint vc="10" uspid="0" p8:type="SequencePoint" ordinal="7" offset="7" sc="0" sl="72" ec="1" el="85" bec="0" bev="0" fileid="2" xmlns:p8="xsi" />
            </Method>
            <Method cyclomaticComplexity="36" nPathComplexity="0" sequenceCoverage="97.5" branchCoverage="91.66" isConstructor="False" isGetter="False" isSetter="False" isStatic="True">
              <Summary numSequencePoints="80" visitedSequencePoints="78" numBranchPoints="36" visitedBranchPoints="33" sequenceCoverage="97.5" branchCoverage="91.66" maxCyclomaticComplexity="36" minCyclomaticComplexity="36" visitedClasses="0" numClasses="0" visitedMethods="1" numMethods="1" />
              <MetadataToken />
              <Name>System.Void GalaScript.ScriptEngine::Register(System.String,System.Delegate)</Name>
              <FileRef uid="2" />
              <SequencePoints>
                <SequencePoint vc="60" uspid="97" ordinal="0" sl="97" sc="1" el="97" ec="2" bec="0" bev="0" fileid="2" />
                <SequencePoint vc="60" uspid="98" ordinal="1" sl="98" sc="1" el="98" ec="2" bec="0" bev="0" fileid="2" />
                <SequencePoint vc="60" uspid="100" ordinal="2" sl="100" sc="1" el="100" ec="2" bec="0" bev="0" fileid="2" />
                <SequencePoint vc="60" uspid="101" ordinal="3" sl="101" sc="1" el="101" ec="2" bec="0" bev="0" fileid="2" />
                <SequencePoint vc="60" uspid="102" ordinal="4" sl="102" sc="1" el="102" ec="2" bec="0" bev="0" fileid="2" />
                <SequencePoint vc="60" uspid="103" ordinal="5" sl="103" sc="1" el="103" ec="2" bec="0" bev="0" fileid="2" />
                <SequencePoint vc="60" uspid="104" ordinal="6" sl="104" sc="1" el="104" ec="2" bec="0" bev="0" fileid="2" />
                <SequencePoint vc="60" uspid="107" ordinal="7" sl="107" sc="1" el="107" ec="2" bec="0" bev="0" fileid="2" />
                <SequencePoint vc="60" uspid="109" ordinal="8" sl="109" sc="1" el="109" ec="2" bec="0" bev="0" fileid="2" />
                <SequencePoint vc="60" uspid="117" ordinal="9" sl="117" sc="1" el="117" ec="2" bec="0" bev="0" fileid="2" />
                <SequencePoint vc="60" uspid="119" ordinal="10" sl="119" sc="1" el="119" ec="2" bec="0" bev="0" fileid="2" />
                <SequencePoint vc="382" uspid="120" ordinal="11" sl="120" sc="1" el="120" ec="2" bec="0" bev="0" fileid="2" />
                <SequencePoint vc="101" uspid="121" ordinal="12" sl="121" sc="1" el="121" ec="2" bec="0" bev="0" fileid="2" />
                <SequencePoint vc="101" uspid="122" ordinal="13" sl="122" sc="1" el="122" ec="2" bec="0" bev="0" fileid="2" />
                <SequencePoint vc="101" uspid="123" ordinal="14" sl="123" sc="1" el="123" ec="2" bec="0" bev="0" fileid="2" />
                <SequencePoint vc="78" uspid="124" ordinal="15" sl="124" sc="1" el="124" ec="2" bec="0" bev="0" fileid="2" />
                <SequencePoint vc="78" uspid="126" ordinal="16" sl="126" sc="1" el="126" ec="2" bec="0" bev="0" fileid="2" />
                <SequencePoint vc="78" uspid="127" ordinal="17" sl="127" sc="1" el="127" ec="2" bec="0" bev="0" fileid="2" />
                <SequencePoint vc="78" uspid="128" ordinal="18" sl="128" sc="1" el="128" ec="2" bec="0" bev="0" fileid="2" />
                <SequencePoint vc="78" uspid="129" ordinal="19" sl="129" sc="1" el="129" ec="2" bec="0" bev="0" fileid="2" />
                <SequencePoint vc="78" uspid="130" ordinal="20" sl="130" sc="1" el="130" ec="2" bec="0" bev="0" fileid="2" />
                <SequencePoint vc="78" uspid="131" ordinal="21" sl="131" sc="1" el="131" ec="2" bec="0" bev="0" fileid="2" />
                <SequencePoint vc="78" uspid="133" ordinal="22" sl="133" sc="1" el="133" ec="2" bec="0" bev="0" fileid="2" />
                <SequencePoint vc="78" uspid="134" ordinal="23" sl="134" sc="1" el="134" ec="2" bec="0" bev="0" fileid="2" />
                <SequencePoint vc="23" uspid="135" ordinal="24" sl="135" sc="1" el="135" ec="2" bec="0" bev="0" fileid="2" />
                <SequencePoint vc="3" uspid="136" ordinal="25" sl="136" sc="1" el="136" ec="2" bec="0" bev="0" fileid="2" />
                <SequencePoint vc="3" uspid="137" ordinal="26" sl="137" sc="1" el="137" ec="2" bec="0" bev="0" fileid="2" />
                <SequencePoint vc="3" uspid="138" ordinal="27" sl="138" sc="1" el="138" ec="2" bec="0" bev="0" fileid="2" />
                <SequencePoint vc="20" uspid="139" ordinal="28" sl="139" sc="1" el="139" ec="2" bec="0" bev="0" fileid="2" />
                <SequencePoint vc="15" uspid="140" ordinal="29" sl="140" sc="1" el="140" ec="2" bec="0" bev="0" fileid="2" />
                <SequencePoint vc="15" uspid="141" ordinal="30" sl="141" sc="1" el="141" ec="2" bec="0" bev="0" fileid="2" />
                <SequencePoint vc="15" uspid="142" ordinal="31" sl="142" sc="1" el="142" ec="2" bec="0" bev="0" fileid="2" />
                <SequencePoint vc="5" uspid="143" ordinal="32" sl="143" sc="1" el="143" ec="2" bec="0" bev="0" fileid="2" />
                <SequencePoint vc="5" uspid="144" ordinal="33" sl="144" sc="1" el="144" ec="2" bec="0" bev="0" fileid="2" />
                <SequencePoint vc="5" uspid="146" ordinal="34" sl="146" sc="1" el="146" ec="2" bec="0" bev="0" fileid="2" />
                <SequencePoint vc="5" uspid="147" ordinal="35" sl="147" sc="1" el="147" ec="2" bec="0" bev="0" fileid="2" />
                <SequencePoint vc="5" uspid="148" ordinal="36" sl="148" sc="1" el="148" ec="2" bec="0" bev="0" fileid="2" />
                <SequencePoint vc="5" uspid="151" ordinal="37" sl="151" sc="1" el="151" ec="2" bec="0" bev="0" fileid="2" />
                <SequencePoint vc="2" uspid="152" ordinal="38" sl="152" sc="1" el="152" ec="2" bec="0" bev="0" fileid="2" />
                <SequencePoint vc="17" uspid="153" ordinal="39" sl="153" sc="1" el="153" ec="2" bec="0" bev="0" fileid="2" />
                <SequencePoint vc="2" uspid="155" ordinal="40" sl="155" sc="1" el="155" ec="2" bec="0" bev="0" fileid="2" />
                <SequencePoint vc="2" uspid="156" ordinal="41" sl="156" sc="1" el="156" ec="2" bec="0" bev="0" fileid="2" />
                <SequencePoint vc="2" uspid="157" ordinal="42" sl="157" sc="1" el="157" ec="2" bec="0" bev="0" fileid="2" />
                <SequencePoint vc="2" uspid="158" ordinal="43" sl="158" sc="1" el="158" ec="2" bec="0" bev="0" fileid="2" />
                <SequencePoint vc="2" uspid="159" ordinal="44" sl="159" sc="1" el="159" ec="2" bec="0" bev="0" fileid="2" />
                <SequencePoint vc="2" uspid="160" ordinal="45" sl="160" sc="1" el="160" ec="2" bec="0" bev="0" fileid="2" />
                <SequencePoint vc="2" uspid="162" ordinal="46" sl="162" sc="1" el="162" ec="2" bec="0" bev="0" fileid="2" />
                <SequencePoint vc="2" uspid="163" ordinal="47" sl="163" sc="1" el="163" ec="2" bec="0" bev="0" fileid="2" />
                <SequencePoint vc="3" uspid="164" ordinal="48" sl="164" sc="1" el="164" ec="2" bec="0" bev="0" fileid="2" />
                <SequencePoint vc="3" uspid="165" ordinal="49" sl="165" sc="1" el="165" ec="2" bec="0" bev="0" fileid="2" />
                <SequencePoint vc="3" uspid="166" ordinal="50" sl="166" sc="1" el="166" ec="2" bec="0" bev="0" fileid="2" />
                <SequencePoint vc="3" uspid="167" ordinal="51" sl="167" sc="1" el="167" ec="2" bec="0" bev="0" fileid="2" />
                <SequencePoint vc="5" uspid="168" ordinal="52" sl="168" sc="1" el="168" ec="2" bec="0" bev="0" fileid="2" />
                <SequencePoint vc="0" uspid="170" ordinal="53" sl="170" sc="1" el="170" ec="2" bec="0" bev="0" fileid="2" />
                <SequencePoint vc="0" uspid="171" ordinal="54" sl="171" sc="1" el="171" ec="2" bec="0" bev="0" fileid="2" />
                <SequencePoint vc="101" uspid="173" ordinal="55" sl="173" sc="1" el="173" ec="2" bec="0" bev="0" fileid="2" />
                <SequencePoint vc="60" uspid="175" ordinal="56" sl="175" sc="1" el="175" ec="2" bec="0" bev="0" fileid="2" />
                <SequencePoint vc="60" uspid="177" ordinal="57" sl="177" sc="1" el="177" ec="2" bec="0" bev="0" fileid="2" />
                <SequencePoint vc="167" uspid="179" ordinal="58" sl="179" sc="1" el="179" ec="2" bec="0" bev="0" fileid="2" />
                <SequencePoint vc="60" uspid="195" ordinal="59" sl="195" sc="1" el="195" ec="2" bec="0" bev="0" fileid="2" />
                <SequencePoint vc="13" uspid="196" ordinal="60" sl="196" sc="1" el="196" ec="2" bec="0" bev="0" fileid="2" />
                <SequencePoint vc="13" uspid="197" ordinal="61" sl="197" sc="1" el="197" ec="2" bec="0" bev="0" fileid="2" />
                <SequencePoint vc="13" uspid="198" ordinal="62" sl="198" sc="1" el="198" ec="2" bec="0" bev="0" fileid="2" />
                <SequencePoint vc="21" uspid="199" ordinal="63" sl="199" sc="1" el="199" ec="2" bec="0" bev="0" fileid="2" />
                <SequencePoint vc="21" uspid="200" ordinal="64" sl="200" sc="1" el="200" ec="2" bec="0" bev="0" fileid="2" />
                <SequencePoint vc="21" uspid="201" ordinal="65" sl="201" sc="1" el="201" ec="2" bec="0" bev="0" fileid="2" />
                <SequencePoint vc="19" uspid="202" ordinal="66" sl="202" sc="1" el="202" ec="2" bec="0" bev="0" fileid="2" />
                <SequencePoint vc="19" uspid="203" ordinal="67" sl="203" sc="1" el="203" ec="2" bec="0" bev="0" fileid="2" />
                <SequencePoint vc="13" uspid="204" ordinal="68" sl="204" sc="1" el="204" ec="2" bec="0" bev="0" fileid="2" />
                <SequencePoint vc="47" uspid="206" ordinal="69" sl="206" sc="1" el="206" ec="2" bec="0" bev="0" fileid="2" />
                <SequencePoint vc="47" uspid="207" ordinal="70" sl="207" sc="1" el="207" ec="2" bec="0" bev="0" fileid="2" />
                <SequencePoint vc="47" uspid="209" ordinal="71" sl="209" sc="1" el="209" ec="2" bec="0" bev="0" fileid="2" />
                <SequencePoint vc="47" uspid="210" ordinal="72" sl="210" sc="1" el="210" ec="2" bec="0" bev="0" fileid="2" />
                <SequencePoint vc="102" uspid="211" ordinal="73" sl="211" sc="1" el="211" ec="2" bec="0" bev="0" fileid="2" />
                <SequencePoint vc="102" uspid="212" ordinal="74" sl="212" sc="1" el="212" ec="2" bec="0" bev="0" fileid="2" />
                <SequencePoint vc="102" uspid="213" ordinal="75" sl="213" sc="1" el="213" ec="2" bec="0" bev="0" fileid="2" />
                <SequencePoint vc="100" uspid="214" ordinal="76" sl="214" sc="1" el="214" ec="2" bec="0" bev="0" fileid="2" />
                <SequencePoint vc="47" uspid="215" ordinal="77" sl="215" sc="1" el="215" ec="2" bec="0" bev="0" fileid="2" />
                <SequencePoint vc="60" uspid="217" ordinal="78" sl="217" sc="1" el="217" ec="2" bec="0" bev="0" fileid="2" />
                <SequencePoint vc="60" uspid="218" ordinal="79" sl="218" sc="1" el="218" ec="2" bec="0" bev="0" fileid="2" />
              </SequencePoints>
              <BranchPoints>
                <BranchPoint vc="101" uspid="120" ordinal="25" path="1" offset="913" offsetend="213" sl="120" fileid="2" />
                <BranchPoint vc="35" uspid="123" ordinal="0" path="0" offset="237" offsetend="239" sl="123" fileid="2" />
                <BranchPoint vc="23" uspid="123" ordinal="2" path="0" offset="256" offsetend="258" sl="123" fileid="2" />
                <BranchPoint vc="78" uspid="123" ordinal="1" path="1" offset="237" offsetend="277" sl="123" fileid="2" />
                <BranchPoint vc="78" uspid="123" ordinal="3" path="1" offset="256" offsetend="277" sl="123" fileid="2" />
                <BranchPoint vc="78" uspid="123" ordinal="4" path="0" offset="282" offsetend="287" sl="123" fileid="2" />
                <BranchPoint vc="23" uspid="123" ordinal="5" path="1" offset="282" offsetend="416" sl="123" fileid="2" />
                <BranchPoint vc="3" uspid="135" ordinal="6" path="0" offset="437" offsetend="439" sl="135" fileid="2" />
                <BranchPoint vc="20" uspid="135" ordinal="7" path="1" offset="437" offsetend="455" sl="135" fileid="2" />
                <BranchPoint vc="15" uspid="139" ordinal="8" path="0" offset="476" offsetend="478" sl="139" fileid="2" />
                <BranchPoint vc="5" uspid="139" ordinal="9" path="1" offset="476" offsetend="494" sl="139" fileid="2" />
                <BranchPoint vc="5" uspid="143" ordinal="10" path="0" offset="507" offsetend="509" sl="143" fileid="2" />
                <BranchPoint vc="5" uspid="143" ordinal="12" path="0" offset="531" offsetend="533" sl="143" fileid="2" />
                <BranchPoint vc="0" uspid="143" ordinal="11" path="1" offset="507" offsetend="549" sl="143" fileid="2" />
                <BranchPoint vc="0" uspid="143" ordinal="13" path="1" offset="531" offsetend="549" sl="143" fileid="2" />
                <BranchPoint vc="5" uspid="143" ordinal="14" path="0" offset="554" offsetend="559" sl="143" fileid="2" />
                <BranchPoint vc="4" uspid="151" ordinal="16" path="0" offset="681" offsetend="683" sl="151" fileid="2" />
                <BranchPoint vc="1" uspid="151" ordinal="17" path="1" offset="681" offsetend="702" sl="151" fileid="2" />
                <BranchPoint vc="2" uspid="151" ordinal="18" path="0" offset="707" offsetend="709" sl="151" fileid="2" />
                <BranchPoint vc="1" uspid="153" ordinal="20" path="0" offset="716" offsetend="718" sl="153" fileid="2" />
                <BranchPoint vc="2" uspid="153" ordinal="21" path="1" offset="716" offsetend="741" sl="153" fileid="2" />
                <BranchPoint vc="3" uspid="151" ordinal="19" path="1" offset="707" offsetend="817" sl="151" fileid="2" />
                <BranchPoint vc="3" uspid="164" ordinal="22" path="0" offset="838" offsetend="840" sl="164" fileid="2" />
                <BranchPoint vc="5" uspid="164" ordinal="23" path="1" offset="838" offsetend="878" sl="164" fileid="2" />
                <BranchPoint vc="0" uspid="143" ordinal="15" path="1" offset="554" offsetend="881" sl="143" fileid="2" />
                <BranchPoint vc="60" uspid="120" ordinal="24" path="0" offset="913" offsetend="918" sl="120" fileid="2" />
                <BranchPoint vc="8" uspid="175" ordinal="26" path="0" offset="929" offsetend="931" sl="175" fileid="2" />
                <BranchPoint vc="52" uspid="175" ordinal="27" path="1" offset="929" offsetend="944" sl="175" fileid="2" />
                <BranchPoint vc="1" uspid="179" ordinal="28" path="0" offset="996" offsetend="998" sl="179" fileid="2" />
                <BranchPoint vc="60" uspid="179" ordinal="29" path="1" offset="996" offsetend="1021" sl="179" fileid="2" />
                <BranchPoint vc="1" uspid="179" ordinal="30" path="0" offset="1032" offsetend="1034" sl="179" fileid="2" />
                <BranchPoint vc="60" uspid="179" ordinal="31" path="1" offset="1032" offsetend="1057" sl="179" fileid="2" />
                <BranchPoint vc="1" uspid="179" ordinal="32" path="0" offset="1063" offsetend="1065" sl="179" fileid="2" />
                <BranchPoint vc="60" uspid="179" ordinal="33" path="1" offset="1063" offsetend="1088" sl="179" fileid="2" />
                <BranchPoint vc="13" uspid="195" ordinal="34" path="0" offset="1105" offsetend="1107" sl="195" fileid="2" />
                <BranchPoint vc="47" uspid="195" ordinal="35" path="1" offset="1105" offsetend="1184" sl="195" fileid="2" />
              </BranchPoints>
              <MethodPoint vc="78" uspid="0" p8:type="SequencePoint" ordinal="8" offset="8" sc="0" sl="97" ec="1" el="218" bec="0" bev="0" fileid="2" xmlns:p8="xsi" />
            </Method>
            <Method cyclomaticComplexity="8" nPathComplexity="0" sequenceCoverage="86.66" branchCoverage="87.5" isConstructor="False" isGetter="False" isSetter="False" isStatic="True">
              <Summary numSequencePoints="15" visitedSequencePoints="13" numBranchPoints="8" visitedBranchPoints="7" sequenceCoverage="86.66" branchCoverage="87.5" maxCyclomaticComplexity="8" minCyclomaticComplexity="8" visitedClasses="0" numClasses="0" visitedMethods="1" numMethods="1" />
              <MetadataToken />
              <Name>System.Object GalaScript.ScriptEngine::Call(GalaScript.Interfaces.IScriptEvaluator,System.String,System.Object[])</Name>
              <FileRef uid="2" />
              <SequencePoints>
                <SequencePoint vc="63" uspid="221" ordinal="0" sl="221" sc="1" el="221" ec="2" bec="0" bev="0" fileid="2" />
                <SequencePoint vc="63" uspid="222" ordinal="1" sl="222" sc="1" el="222" ec="2" bec="0" bev="0" fileid="2" />
                <SequencePoint vc="4" uspid="223" ordinal="2" sl="223" sc="1" el="223" ec="2" bec="0" bev="0" fileid="2" />
                <SequencePoint vc="4" uspid="224" ordinal="3" sl="224" sc="1" el="224" ec="2" bec="0" bev="0" fileid="2" />
                <SequencePoint vc="4" uspid="225" ordinal="4" sl="225" sc="1" el="225" ec="2" bec="0" bev="0" fileid="2" />
                <SequencePoint vc="63" uspid="227" ordinal="5" sl="227" sc="1" el="227" ec="2" bec="0" bev="0" fileid="2" />
                <SequencePoint vc="0" uspid="228" ordinal="6" sl="228" sc="1" el="228" ec="2" bec="0" bev="0" fileid="2" />
                <SequencePoint vc="0" uspid="229" ordinal="7" sl="229" sc="1" el="229" ec="2" bec="0" bev="0" fileid="2" />
                <SequencePoint vc="63" uspid="232" ordinal="8" sl="232" sc="1" el="232" ec="2" bec="0" bev="0" fileid="2" />
                <SequencePoint vc="59" uspid="234" ordinal="9" sl="234" sc="1" el="234" ec="2" bec="0" bev="0" fileid="2" />
                <SequencePoint vc="6" uspid="235" ordinal="10" sl="235" sc="1" el="235" ec="2" bec="0" bev="0" fileid="2" />
                <SequencePoint vc="6" uspid="236" ordinal="11" sl="236" sc="1" el="236" ec="2" bec="0" bev="0" fileid="2" />
                <SequencePoint vc="53" uspid="239" ordinal="12" sl="239" sc="1" el="239" ec="2" bec="0" bev="0" fileid="2" />
                <SequencePoint vc="53" uspid="241" ordinal="13" sl="241" sc="1" el="241" ec="2" bec="0" bev="0" fileid="2" />
                <SequencePoint vc="59" uspid="242" ordinal="14" sl="242" sc="1" el="242" ec="2" bec="0" bev="0" fileid="2" />
              </SequencePoints>
              <BranchPoints>
                <BranchPoint vc="4" uspid="222" ordinal="0" path="0" offset="7" offsetend="9" sl="222" fileid="2" />
                <BranchPoint vc="63" uspid="222" ordinal="1" path="1" offset="7" offsetend="19" sl="222" fileid="2" />
                <BranchPoint vc="0" uspid="227" ordinal="2" path="0" offset="36" offsetend="38" sl="227" fileid="2" />
                <BranchPoint vc="63" uspid="227" ordinal="3" path="1" offset="36" offsetend="46" sl="227" fileid="2" />
                <BranchPoint vc="6" uspid="234" ordinal="4" path="0" offset="77" offsetend="79" sl="234" fileid="2" />
                <BranchPoint vc="53" uspid="234" ordinal="5" path="1" offset="77" offsetend="85" sl="234" fileid="2" />
                <BranchPoint vc="49" uspid="239" ordinal="7" path="1" offset="86" offsetend="90" sl="239" fileid="2" />
                <BranchPoint vc="53" uspid="239" ordinal="6" path="0" offset="86" offsetend="103" sl="239" fileid="2" />
              </BranchPoints>
[...]
                <SequencePoint vc="46" uspid="25" ordinal="8" sl="25" sc="1" el="25" ec="2" bec="0" bev="0" fileid="15" />
              </SequencePoints>
              <BranchPoints />
              <MethodPoint vc="9" uspid="0" p8:type="SequencePoint" ordinal="20" offset="20" sc="0" sl="15" ec="1" el="25" bec="0" bev="0" fileid="15" xmlns:p8="xsi" />
            </Method>
            <Method cyclomaticComplexity="14" nPathComplexity="0" sequenceCoverage="100" branchCoverage="100" isConstructor="True" isGetter="False" isSetter="False" isStatic="True">
              <Summary numSequencePoints="20" visitedSequencePoints="20" numBranchPoints="14" visitedBranchPoints="14" sequenceCoverage="100" branchCoverage="100" maxCyclomaticComplexity="14" minCyclomaticComplexity="14" visitedClasses="0" numClasses="0" visitedMethods="1" numMethods="1" />
              <MetadataToken />
              <Name>System.Void GalaScript.Evaluators.ScriptEvaluator::.ctor(GalaScript.ScriptEngine,System.String)</Name>
              <FileRef uid="15" />
              <SequencePoints>
                <SequencePoint vc="41" uspid="27" ordinal="0" sl="27" sc="1" el="27" ec="2" bec="0" bev="0" fileid="15" />
                <SequencePoint vc="41" uspid="28" ordinal="1" sl="28" sc="1" el="28" ec="2" bec="0" bev="0" fileid="15" />
                <SequencePoint vc="41" uspid="29" ordinal="2" sl="29" sc="1" el="29" ec="2" bec="0" bev="0" fileid="15" />
                <SequencePoint vc="267" uspid="31" ordinal="3" sl="31" sc="1" el="31" ec="2" bec="0" bev="0" fileid="15" />
                <SequencePoint vc="72" uspid="32" ordinal="4" sl="32" sc="1" el="32" ec="2" bec="0" bev="0" fileid="15" />
                <SequencePoint vc="72" uspid="33" ordinal="5" sl="33" sc="1" el="33" ec="2" bec="0" bev="0" fileid="15" />
                <SequencePoint vc="72" uspid="35" ordinal="6" sl="35" sc="1" el="35" ec="2" bec="0" bev="0" fileid="15" />
                <SequencePoint vc="72" uspid="37" ordinal="7" sl="37" sc="1" el="37" ec="2" bec="0" bev="0" fileid="15" />
                <SequencePoint vc="72" uspid="39" ordinal="8" sl="39" sc="1" el="39" ec="2" bec="0" bev="0" fileid="15" />
                <SequencePoint vc="3" uspid="54" ordinal="9" sl="54" sc="1" el="54" ec="2" bec="0" bev="0" fileid="15" />
                <SequencePoint vc="3" uspid="56" ordinal="10" sl="56" sc="1" el="56" ec="2" bec="0" bev="0" fileid="15" />
                <SequencePoint vc="1" uspid="59" ordinal="11" sl="59" sc="1" el="59" ec="2" bec="0" bev="0" fileid="15" />
                <SequencePoint vc="1" uspid="60" ordinal="12" sl="60" sc="1" el="60" ec="2" bec="0" bev="0" fileid="15" />
                <SequencePoint vc="5" uspid="62" ordinal="13" sl="62" sc="1" el="62" ec="2" bec="0" bev="0" fileid="15" />
                <SequencePoint vc="5" uspid="63" ordinal="14" sl="63" sc="1" el="63" ec="2" bec="0" bev="0" fileid="15" />
                <SequencePoint vc="5" uspid="64" ordinal="15" sl="64" sc="1" el="64" ec="2" bec="0" bev="0" fileid="15" />
                <SequencePoint vc="72" uspid="66" ordinal="16" sl="66" sc="1" el="66" ec="2" bec="0" bev="0" fileid="15" />
                <SequencePoint vc="41" uspid="68" ordinal="17" sl="68" sc="1" el="68" ec="2" bec="0" bev="0" fileid="15" />
                <SequencePoint vc="41" uspid="70" ordinal="18" sl="70" sc="1" el="70" ec="2" bec="0" bev="0" fileid="15" />
                <SequencePoint vc="41" uspid="71" ordinal="19" sl="71" sc="1" el="71" ec="2" bec="0" bev="0" fileid="15" />
              </SequencePoints>
              <BranchPoints>
                <BranchPoint vc="72" uspid="31" ordinal="13" path="1" offset="329" offsetend="40" sl="31" fileid="15" />
                <BranchPoint vc="6" uspid="33" ordinal="0" path="0" offset="59" offsetend="61" sl="33" fileid="15" />
                <BranchPoint vc="66" uspid="33" ordinal="1" path="1" offset="59" offsetend="67" sl="33" fileid="15" />
                <BranchPoint vc="72" uspid="33" ordinal="3" path="1" offset="70" offsetend="77" sl="33" fileid="15" />
                <BranchPoint vc="61" uspid="35" ordinal="5" path="1" offset="78" offsetend="82" sl="35" fileid="15" />
                <BranchPoint vc="72" uspid="35" ordinal="4" path="0" offset="78" offsetend="90" sl="35" fileid="15" />
                <BranchPoint vc="69" uspid="39" ordinal="6" path="0" offset="181" offsetend="183" sl="39" fileid="15" />
                <BranchPoint vc="68" uspid="39" ordinal="8" path="0" offset="194" offsetend="196" sl="39" fileid="15" />
                <BranchPoint vc="3" uspid="39" ordinal="7" path="1" offset="181" offsetend="213" sl="39" fileid="15" />
                <BranchPoint vc="1" uspid="39" ordinal="9" path="1" offset="194" offsetend="255" sl="39" fileid="15" />
                <BranchPoint vc="5" uspid="39" ordinal="11" path="1" offset="207" offsetend="279" sl="39" fileid="15" />
                <BranchPoint vc="72" uspid="39" ordinal="10" path="0" offset="207" offsetend="322" sl="39" fileid="15" />
                <BranchPoint vc="113" uspid="33" ordinal="2" path="0" offset="70" offsetend="323" sl="33" fileid="15" />
                <BranchPoint vc="41" uspid="31" ordinal="12" path="0" offset="329" offsetend="334" sl="31" fileid="15" />
              </BranchPoints>
              <MethodPoint vc="20" uspid="0" p8:type="SequencePoint" ordinal="21" offset="21" sc="0" sl="27" ec="1" el="71" bec="0" bev="0" fileid="15" xmlns:p8="xsi" />
            </Method>
          </Methods>
        </Class>
        <Class>
          <Summary numSequencePoints="6" visitedSequencePoints="6" numBranchPoints="0" visitedBranchPoints="0" sequenceCoverage="100" branchCoverage="100" maxCyclomaticComplexity="1" minCyclomaticComplexity="1" visitedClasses="1" numClasses="1" visitedMethods="1" numMethods="1" />
          <FullName>GalaScript.Evaluators.ScriptEvaluator/&lt;&gt;c__DisplayClass7_0</FullName>
          <Methods>
            <Method cyclomaticComplexity="1" nPathComplexity="0" sequenceCoverage="100" branchCoverage="100" isConstructor="True" isGetter="False" isSetter="False" isStatic="True">
              <Summary numSequencePoints="6" visitedSequencePoints="6" numBranchPoints="0" visitedBranchPoints="0" sequenceCoverage="100" branchCoverage="100" maxCyclomaticComplexity="1" minCyclomaticComplexity="1" visitedClasses="0" numClasses="0" visitedMethods="1" numMethods="1" />
              <MetadataToken />
              <Name>System.Object GalaScript.Evaluators.ScriptEvaluator/&lt;&gt;c__DisplayClass7_0::&lt;.ctor&gt;g__Macro|0(System.Object[])</Name>
              <FileRef uid="15" />
              <SequencePoints>
                <SequencePoint vc="3" uspid="45" ordinal="0" sl="45" sc="1" el="45" ec="2" bec="0" bev="0" fileid="15" />
                <SequencePoint vc="3" uspid="46" ordinal="1" sl="46" sc="1" el="46" ec="2" bec="0" bev="0" fileid="15" />
                <SequencePoint vc="3" uspid="48" ordinal="2" sl="48" sc="1" el="48" ec="2" bec="0" bev="0" fileid="15" />
                <SequencePoint vc="3" uspid="49" ordinal="3" sl="49" sc="1" el="49" ec="2" bec="0" bev="0" fileid="15" />
                <SequencePoint vc="3" uspid="51" ordinal="4" sl="51" sc="1" el="51" ec="2" bec="0" bev="0" fileid="15" />
                <SequencePoint vc="3" uspid="52" ordinal="5" sl="52" sc="1" el="52" ec="2" bec="0" bev="0" fileid="15" />
              </SequencePoints>
              <BranchPoints />
              <MethodPoint vc="6" uspid="0" p8:type="SequencePoint" ordinal="0" offset="0" sc="0" sl="45" ec="1" el="52" bec="0" bev="0" fileid="15" xmlns:p8="xsi" />
            </Method>
          </Methods>
        </Class>
        <Class>
          <Summary numSequencePoints="8" visitedSequencePoints="8" numBranchPoints="0" visitedBranchPoints="0" sequenceCoverage="100" branchCoverage="100" maxCyclomaticComplexity="1" minCyclomaticComplexity="1" visitedClasses="1" numClasses="1" visitedMethods="3" numMethods="3" />
          <FullName>GalaScript.Evaluators.StringConstantEvaluator</FullName>
          <Methods>
            <Method cyclomaticComplexity="1" nPathComplexity="0" sequenceCoverage="100" branchCoverage="100" isConstructor="False" isGetter="False" isSetter="False" isStatic="True">
              <Summary numSequencePoints="3" visitedSequencePoints="3" numBranchPoints="0" visitedBranchPoints="0" sequenceCoverage="100" branchCoverage="100" maxCyclomaticComplexity="1" minCyclomaticComplexity="1" visitedClasses="0" numClasses="0" visitedMethods="1" numMethods="1" />
              <MetadataToken />
              <Name>System.Object GalaScript.Evaluators.StringConstantEvaluator::Evaluate()</Name>
              <FileRef uid="16" />
              <SequencePoints>
                <SequencePoint vc="8" uspid="13" ordinal="0" sl="13" sc="1" el="13" ec="2" bec="0" bev="0" fileid="16" />
                <SequencePoint vc="8" uspid="14" ordinal="1" sl="14" sc="1" el="14" ec="2" bec="0" bev="0" fileid="16" />
                <SequencePoint vc="8" uspid="15" ordinal="2" sl="15" sc="1" el="15" ec="2" bec="0" bev="0" fileid="16" />
              </SequencePoints>
              <BranchPoints />
              <MethodPoint vc="3" uspid="0" p8:type="SequencePoint" ordinal="0" offset="0" sc="0" sl="13" ec="1" el="15" bec="0" bev="0" fileid="16" xmlns:p8="xsi" />
            </Method>
            <Method cyclomaticComplexity="1" nPathComplexity="0" sequenceCoverage="100" branchCoverage="100" isConstructor="False" isGetter="False" isSetter="False" isStatic="True">
              <Summary numSequencePoints="1" visitedSequencePoints="1" numBranchPoints="0" visitedBranchPoints="0" sequenceCoverage="100" branchCoverage="100" maxCyclomaticComplexity="1" minCyclomaticComplexity="1" visitedClasses="0" numClasses="0" visitedMethods="1" numMethods="1" />
              <MetadataToken />
              <Name>System.String GalaScript.Evaluators.StringConstantEvaluator::ToScriptString()</Name>
              <FileRef uid="16" />
              <SequencePoints>
                <SequencePoint vc="2" uspid="17" ordinal="0" sl="17" sc="1" el="17" ec="2" bec="0" bev="0" fileid="16" />
              </SequencePoints>
              <BranchPoints />
              <MethodPoint vc="1" uspid="0" p8:type="SequencePoint" ordinal="1" offset="1" sc="0" sl="17" ec="1" el="17" bec="0" bev="0" fileid="16" xmlns:p8="xsi" />
            </Method>
            <Method cyclomaticComplexity="1" nPathComplexity="0" sequenceCoverage="100" branchCoverage="100" isConstructor="True" isGetter="False" isSetter="False" isStatic="True">
              <Summary numSequencePoints="4" visitedSequencePoints="4" numBranchPoints="0" visitedBranchPoints="0" sequenceCoverage="100" branchCoverage="100" maxCyclomaticComplexity="1" minCyclomaticComplexity="1" visitedClasses="0" numClasses="0" visitedMethods="1" numMethods="1" />
              <MetadataToken />
              <Name>System.Void GalaScript.Evaluators.StringConstantEvaluator::.ctor(System.String)</Name>
              <FileRef uid="16" />
              <SequencePoints>
                <SequencePoint vc="17" uspid="7" ordinal="0" sl="7" sc="1" el="7" ec="2" bec="0" bev="0" fileid="16" />
                <SequencePoint vc="17" uspid="8" ordinal="1" sl="8" sc="1" el="8" ec="2" bec="0" bev="0" fileid="16" />
                <SequencePoint vc="17" uspid="9" ordinal="2" sl="9" sc="1" el="9" ec="2" bec="0" bev="0" fileid="16" />
                <SequencePoint vc="17" uspid="10" ordinal="3" sl="10" sc="1" el="10" ec="2" bec="0" bev="0" fileid="16" />
              </SequencePoints>
              <BranchPoints />
              <MethodPoint vc="4" uspid="0" p8:type="SequencePoint" ordinal="2" offset="2" sc="0" sl="7" ec="1" el="10" bec="0" bev="0" fileid="16" xmlns:p8="xsi" />
            </Method>
          </Methods>
        </Class>
        <Class>
          <Summary numSequencePoints="10" visitedSequencePoints="10" numBranchPoints="4" visitedBranchPoints="4" sequenceCoverage="100" branchCoverage="100" maxCyclomaticComplexity="4" minCyclomaticComplexity="1" visitedClasses="1" numClasses="1" visitedMethods="3" numMethods="3" />
          <FullName>GalaScript.Evaluators.TextEvaluator</FullName>
          <Methods>
            <Method cyclomaticComplexity="1" nPathComplexity="0" sequenceCoverage="100" branchCoverage="100" isConstructor="False" isGetter="False" isSetter="False" isStatic="True">
              <Summary numSequencePoints="3" visitedSequencePoints="3" numBranchPoints="0" visitedBranchPoints="0" sequenceCoverage="100" branchCoverage="100" maxCyclomaticComplexity="1" minCyclomaticComplexity="1" visitedClasses="0" numClasses="0" visitedMethods="1" numMethods="1" />
              <MetadataToken />
              <Name>System.Object GalaScript.Evaluators.TextEvaluator::Evaluate()</Name>
              <FileRef uid="17" />
              <SequencePoints>
                <SequencePoint vc="8" uspid="20" ordinal="0" sl="20" sc="1" el="20" ec="2" bec="0" bev="0" fileid="17" />
                <SequencePoint vc="8" uspid="21" ordinal="1" sl="21" sc="1" el="21" ec="2" bec="0" bev="0" fileid="17" />
                <SequencePoint vc="8" uspid="22" ordinal="2" sl="22" sc="1" el="22" ec="2" bec="0" bev="0" fileid="17" />
              </SequencePoints>
              <BranchPoints />
              <MethodPoint vc="3" uspid="0" p8:type="SequencePoint" ordinal="0" offset="0" sc="0" sl="20" ec="1" el="22" bec="0" bev="0" fileid="17" xmlns:p8="xsi" />
            </Method>
            <Method cyclomaticComplexity="1" nPathComplexity="0" sequenceCoverage="100" branchCoverage="100" isConstructor="False" isGetter="False" isSetter="False" isStatic="True">
              <Summary numSequencePoints="1" visitedSequencePoints="1" numBranchPoints="0" visitedBranchPoints="0" sequenceCoverage="100" branchCoverage="100" maxCyclomaticComplexity="1" minCyclomaticComplexity="1" visitedClasses="0" numClasses="0" visitedMethods="1" numMethods="1" />
              <MetadataToken />
              <Name>System.String GalaScript.Evaluators.TextEvaluator::ToScriptString()</Name>
              <FileRef uid="17" />
              <SequencePoints>
                <SequencePoint vc="2" uspid="24" ordinal="0" sl="24" sc="1" el="24" ec="2" bec="0" bev="0" fileid="17" />
              </SequencePoints>
              <BranchPoints />
              <MethodPoint vc="1" uspid="0" p8:type="SequencePoint" ordinal="1" offset="1" sc="0" sl="24" ec="1" el="24" bec="0" bev="0" fileid="17" xmlns:p8="xsi" />
            </Method>
            <Method cyclomaticComplexity="4" nPathComplexity="0" sequenceCoverage="100" branchCoverage="100" isConstructor="True" isGetter="False" isSetter="False" isStatic="True">
              <Summary numSequencePoints="6" visitedSequencePoints="6" numBranchPoints="4" visitedBranchPoints="4" sequenceCoverage="100" branchCoverage="100" maxCyclomaticComplexity="4" minCyclomaticComplexity="4" visitedClasses="0" numClasses="0" visitedMethods="1" numMethods="1" />
              <MetadataToken />
              <Name>System.Void GalaScript.Evaluators.TextEvaluator::.ctor(GalaScript.Interfaces.IScriptEngine,System.String,System.Char)</Name>
              <FileRef uid="17" />
              <SequencePoints>
                <SequencePoint vc="11" uspid="12" ordinal="0" sl="12" sc="1" el="12" ec="2" bec="0" bev="0" fileid="17" />
                <SequencePoint vc="11" uspid="13" ordinal="1" sl="13" sc="1" el="13" ec="2" bec="0" bev="0" fileid="17" />
                <SequencePoint vc="11" uspid="14" ordinal="2" sl="14" sc="1" el="14" ec="2" bec="0" bev="0" fileid="17" />
                <SequencePoint vc="11" uspid="15" ordinal="3" sl="15" sc="1" el="15" ec="2" bec="0" bev="0" fileid="17" />
                <SequencePoint vc="11" uspid="16" ordinal="4" sl="16" sc="1" el="16" ec="2" bec="0" bev="0" fileid="17" />
                <SequencePoint vc="11" uspid="17" ordinal="5" sl="17" sc="1" el="17" ec="2" bec="0" bev="0" fileid="17" />
              </SequencePoints>
              <BranchPoints>
                <BranchPoint vc="1" uspid="15" ordinal="0" path="0" offset="17" offsetend="19" sl="15" fileid="17" />
                <BranchPoint vc="10" uspid="15" ordinal="1" path="1" offset="17" offsetend="22" sl="15" fileid="17" />
                <BranchPoint vc="1" uspid="15" ordinal="2" path="0" offset="29" offsetend="31" sl="15" fileid="17" />
                <BranchPoint vc="11" uspid="15" ordinal="3" path="1" offset="29" offsetend="37" sl="15" fileid="17" />
              </BranchPoints>
              <MethodPoint vc="6" uspid="0" p8:type="SequencePoint" ordinal="2" offset="2" sc="0" sl="12" ec="1" el="17" bec="0" bev="0" fileid="17" xmlns:p8="xsi" />
            </Method>
          </Methods>
        </Class>
        <Class>
          <Summary numSequencePoints="5" visitedSequencePoints="0" numBranchPoints="0" visitedBranchPoints="0" sequenceCoverage="0" branchCoverage="100" maxCyclomaticComplexity="1" minCyclomaticComplexity="1" visitedClasses="0" numClasses="1" visitedMethods="0" numMethods="2" />
          <FullName>GalaScript.Attributes.AliasAttribute</FullName>
          <Methods>
            <Method cyclomaticComplexity="1" nPathComplexity="0" sequenceCoverage="0" branchCoverage="100" isConstructor="False" isGetter="True" isSetter="False" isStatic="True">
              <Summary numSequencePoints="1" visitedSequencePoints="0" numBranchPoints="0" visitedBranchPoints="0" sequenceCoverage="0" branchCoverage="100" maxCyclomaticComplexity="1" minCyclomaticComplexity="1" visitedClasses="0" numClasses="0" visitedMethods="0" numMethods="1" />
              <MetadataToken />
              <Name>System.String GalaScript.Attributes.AliasAttribute::get_Name()</Name>
              <FileRef uid="18" />
              <SequencePoints>
                <SequencePoint vc="0" uspid="8" ordinal="0" sl="8" sc="1" el="8" ec="2" bec="0" bev="0" fileid="18" />
              </SequencePoints>
              <BranchPoints />
              <MethodPoint vc="0" uspid="0" p8:type="SequencePoint" ordinal="0" offset="0" sc="0" sl="8" ec="1" el="8" bec="0" bev="0" fileid="18" xmlns:p8="xsi" />
            </Method>
            <Method cyclomaticComplexity="1" nPathComplexity="0" sequenceCoverage="0" branchCoverage="100" isConstructor="True" isGetter="False" isSetter="False" isStatic="True">
              <Summary numSequencePoints="4" visitedSequencePoints="0" numBranchPoints="0" visitedBranchPoints="0" sequenceCoverage="0" branchCoverage="100" maxCyclomaticComplexity="1" minCyclomaticComplexity="1" visitedClasses="0" numClasses="0" visitedMethods="0" numMethods="1" />
              <MetadataToken />
              <Name>System.Void GalaScript.Attributes.AliasAttribute::.ctor(System.String)</Name>
              <FileRef uid="18" />
              <SequencePoints>
                <SequencePoint vc="0" uspid="10" ordinal="0" sl="10" sc="1" el="10" ec="2" bec="0" bev="0" fileid="18" />
                <SequencePoint vc="0" uspid="11" ordinal="1" sl="11" sc="1" el="11" ec="2" bec="0" bev="0" fileid="18" />
                <SequencePoint vc="0" uspid="12" ordinal="2" sl="12" sc="1" el="12" ec="2" bec="0" bev="0" fileid="18" />
                <SequencePoint vc="0" uspid="13" ordinal="3" sl="13" sc="1" el="13" ec="2" bec="0" bev="0" fileid="18" />
              </SequencePoints>
              <BranchPoints />
              <MethodPoint vc="0" uspid="0" p8:type="SequencePoint" ordinal="1" offset="1" sc="0" sl="10" ec="1" el="13" bec="0" bev="0" fileid="18" xmlns:p8="xsi" />
            </Method>
          </Methods>
        </Class>
      </Classes>
    </Module>
  </Modules>
</CoverageSession>